colors ['4red', '8green']
colors ['8green', '6red']
colors ['13red', '8green']
colors ['2blue', '4red', '4green']
game_id 1, batches [{'red': 4, 'green': 8}, {'green': 8, 'red': 6}, {'red': 13, 'green': 8}, {'blue': 2, 'red': 4, 'green': 4}]
colors ['5blue']
colors ['1red', '3blue']
colors ['1red', '7blue', '1green']
colors ['1red', '8blue']
colors ['7blue', '1red']
colors ['4blue', '1green', '1red']
game_id 2, batches [{'blue': 5}, {'red': 1, 'blue': 3}, {'red': 1, 'blue': 7, 'green': 1}, {'red': 1, 'blue': 8}, {'blue': 7, 'red': 1}, {'blue': 4, 'green': 1, 'red': 1}]
colors ['8blue', '5green', '15red']
colors ['6red', '6blue', '3green']
colors ['8red', '2green']
colors ['10blue', '10red', '6green']
colors ['8red', '6blue']
colors ['15red', '5green', '2blue']
game_id 3, batches [{'blue': 8, 'green': 5, 'red': 15}, {'red': 6, 'blue': 6, 'green': 3}, {'red': 8, 'green': 2}, {'blue': 10, 'red': 10, 'green': 6}, {'red': 8, 'blue': 6}, {'red': 15, 'green': 5, 'blue': 2}]
colors ['10green', '12red', '14blue']
colors ['5green', '9red', '7blue']
colors ['14blue', '12red']
colors ['8blue', '7green', '11red']
game_id 4, batches [{'green': 10, 'red': 12, 'blue': 14}, {'green': 5, 'red': 9, 'blue': 7}, {'blue': 14, 'red': 12}, {'blue': 8, 'green': 7, 'red': 11}]
colors ['13blue', '10red', '7green']
colors ['3green', '8red', '4blue']
colors ['16red', '5green', '5blue']
colors ['2blue', '9red', '7green']
colors ['5red', '14blue', '3green']
colors ['2red', '11blue', '2green']
game_id 5, batches [{'blue': 13, 'red': 10, 'green': 7}, {'green': 3, 'red': 8, 'blue': 4}, {'red': 16, 'green': 5, 'blue': 5}, {'blue': 2, 'red': 9, 'green': 7}, {'red': 5, 'blue': 14, 'green': 3}, {'red': 2, 'blue': 11, 'green': 2}]
colors ['3blue', '1green']
colors ['10green', '12red', '6blue']
colors ['3green', '2red', '5blue']
colors ['2blue', '11green', '2red']
colors ['1red', '5blue', '9green']
game_id 6, batches [{'blue': 3, 'green': 1}, {'green': 10, 'red': 12, 'blue': 6}, {'green': 3, 'red': 2, 'blue': 5}, {'blue': 2, 'green': 11, 'red': 2}, {'red': 1, 'blue': 5, 'green': 9}]
colors ['2blue', '10green']
colors ['3red', '10blue']
colors ['3green', '8blue', '5red']
colors ['8green', '10blue', '2red']
game_id 7, batches [{'blue': 2, 'green': 10}, {'red': 3, 'blue': 10}, {'green': 3, 'blue': 8, 'red': 5}, {'green': 8, 'blue': 10, 'red': 2}]
colors ['15red', '12blue', '5green']
colors ['10red', '12blue', '5green']
colors ['10red', '7green']
game_id 8, batches [{'red': 15, 'blue': 12, 'green': 5}, {'red': 10, 'blue': 12, 'green': 5}, {'red': 10, 'green': 7}]
colors ['18blue', '14red']
colors ['3green', '9blue']
colors ['1blue', '11red']
colors ['5red', '7blue', '3green']
colors ['8red', '4green', '1blue']
game_id 9, batches [{'blue': 18, 'red': 14}, {'green': 3, 'blue': 9}, {'blue': 1, 'red': 11}, {'red': 5, 'blue': 7, 'green': 3}, {'red': 8, 'green': 4, 'blue': 1}]
colors ['2blue']
colors ['10green', '4blue', '3red']
colors ['5green', '4red', '4blue']
colors ['1red', '3blue', '4green']
colors ['2blue', '5red', '3green']
colors ['3green', '2red', '2blue']
game_id 10, batches [{'blue': 2}, {'green': 10, 'blue': 4, 'red': 3}, {'green': 5, 'red': 4, 'blue': 4}, {'red': 1, 'blue': 3, 'green': 4}, {'blue': 2, 'red': 5, 'green': 3}, {'green': 3, 'red': 2, 'blue': 2}]
colors ['4blue', '19green']
colors ['19blue', '12green', '17red']
colors ['11red', '10blue', '17green']
colors ['9green', '18blue']
colors ['14green', '9red', '18blue']
colors ['15blue', '6green', '19red']
game_id 11, batches [{'blue': 4, 'green': 19}, {'blue': 19, 'green': 12, 'red': 17}, {'red': 11, 'blue': 10, 'green': 17}, {'green': 9, 'blue': 18}, {'green': 14, 'red': 9, 'blue': 18}, {'blue': 15, 'green': 6, 'red': 19}]
colors ['1green', '6blue', '2red']
colors ['6blue', '2red', '8green']
colors ['2green', '2red', '7blue']
colors ['1red', '3blue', '6green']
game_id 12, batches [{'green': 1, 'blue': 6, 'red': 2}, {'blue': 6, 'red': 2, 'green': 8}, {'green': 2, 'red': 2, 'blue': 7}, {'red': 1, 'blue': 3, 'green': 6}]
colors ['2red', '11blue', '4green']
colors ['2red', '7blue']
colors ['9green', '1red', '12blue']
colors ['13blue', '8green']
colors ['11blue', '8green', '1red']
colors ['1red', '2blue']
game_id 13, batches [{'red': 2, 'blue': 11, 'green': 4}, {'red': 2, 'blue': 7}, {'green': 9, 'red': 1, 'blue': 12}, {'blue': 13, 'green': 8}, {'blue': 11, 'green': 8, 'red': 1}, {'red': 1, 'blue': 2}]
colors ['1green', '4blue', '11red']
colors ['11green', '6blue', '7red']
colors ['7green', '6blue', '4red']
colors ['12blue', '10red', '11green']
game_id 14, batches [{'green': 1, 'blue': 4, 'red': 11}, {'green': 11, 'blue': 6, 'red': 7}, {'green': 7, 'blue': 6, 'red': 4}, {'blue': 12, 'red': 10, 'green': 11}]
colors ['1green', '19red', '3blue']
colors ['11red', '3blue']
colors ['20red', '4blue']
game_id 15, batches [{'green': 1, 'red': 19, 'blue': 3}, {'red': 11, 'blue': 3}, {'red': 20, 'blue': 4}]
colors ['3red', '1green', '7blue']
colors ['3blue', '4red', '1green']
colors ['6blue', '7red', '3green']
game_id 16, batches [{'red': 3, 'green': 1, 'blue': 7}, {'blue': 3, 'red': 4, 'green': 1}, {'blue': 6, 'red': 7, 'green': 3}]
colors ['7blue', '4red', '19green']
colors ['7green', '4red']
colors ['8green', '2red', '4blue']
game_id 17, batches [{'blue': 7, 'red': 4, 'green': 19}, {'green': 7, 'red': 4}, {'green': 8, 'red': 2, 'blue': 4}]
colors ['1red', '1blue', '6green']
colors ['2red', '6green', '1blue']
colors ['4green', '1red', '1blue']
game_id 18, batches [{'red': 1, 'blue': 1, 'green': 6}, {'red': 2, 'green': 6, 'blue': 1}, {'green': 4, 'red': 1, 'blue': 1}]
colors ['4blue', '8green', '6red']
colors ['2red', '9green', '4blue']
colors ['9green', '8red', '6blue']
colors ['3red', '6blue', '9green']
colors ['8red', '4blue', '7green']
game_id 19, batches [{'blue': 4, 'green': 8, 'red': 6}, {'red': 2, 'green': 9, 'blue': 4}, {'green': 9, 'red': 8, 'blue': 6}, {'red': 3, 'blue': 6, 'green': 9}, {'red': 8, 'blue': 4, 'green': 7}]
colors ['3blue', '7green', '13red']
colors ['13blue']
colors ['12red', '14blue']
colors ['3red', '6green', '8blue']
game_id 20, batches [{'blue': 3, 'green': 7, 'red': 13}, {'blue': 13}, {'red': 12, 'blue': 14}, {'red': 3, 'green': 6, 'blue': 8}]
colors ['5green', '2red', '10blue']
colors ['2red', '2green', '6blue']
colors ['1blue', '1red', '7green']
colors ['4blue', '1red', '2green']
game_id 21, batches [{'green': 5, 'red': 2, 'blue': 10}, {'red': 2, 'green': 2, 'blue': 6}, {'blue': 1, 'red': 1, 'green': 7}, {'blue': 4, 'red': 1, 'green': 2}]
colors ['2red']
colors ['1green', '7red']
colors ['3red', '1green', '1blue']
colors ['4red', '5green', '3blue']
colors ['1blue', '2green']
game_id 22, batches [{'red': 2}, {'green': 1, 'red': 7}, {'red': 3, 'green': 1, 'blue': 1}, {'red': 4, 'green': 5, 'blue': 3}, {'blue': 1, 'green': 2}]
colors ['15red', '1blue', '3green']
colors ['6blue', '3green', '2red']
colors ['6green', '4red', '1blue']
game_id 23, batches [{'red': 15, 'blue': 1, 'green': 3}, {'blue': 6, 'green': 3, 'red': 2}, {'green': 6, 'red': 4, 'blue': 1}]
colors ['17green']
colors ['1red', '2blue', '3green']
colors ['10blue', '1green']
colors ['1green']
colors ['1red', '2blue', '1green']
game_id 24, batches [{'green': 17}, {'red': 1, 'blue': 2, 'green': 3}, {'blue': 10, 'green': 1}, {'green': 1}, {'red': 1, 'blue': 2, 'green': 1}]
colors ['2green', '8blue', '1red']
colors ['1blue', '1red', '9green']
colors ['1blue', '2green', '2red']
colors ['3red', '6blue']
game_id 25, batches [{'green': 2, 'blue': 8, 'red': 1}, {'blue': 1, 'red': 1, 'green': 9}, {'blue': 1, 'green': 2, 'red': 2}, {'red': 3, 'blue': 6}]
colors ['12red', '19green', '4blue']
colors ['2red', '10blue', '15green']
colors ['14blue', '17red', '3green']
colors ['1green', '15red', '3blue']
game_id 26, batches [{'red': 12, 'green': 19, 'blue': 4}, {'red': 2, 'blue': 10, 'green': 15}, {'blue': 14, 'red': 17, 'green': 3}, {'green': 1, 'red': 15, 'blue': 3}]
colors ['11green', '1red', '9blue']
colors ['3green', '10blue']
colors ['9green', '10blue', '1red']
colors ['4green', '3blue', '1red']
colors ['2blue', '5green', '2red']
colors ['17blue', '2red', '5green']
game_id 27, batches [{'green': 11, 'red': 1, 'blue': 9}, {'green': 3, 'blue': 10}, {'green': 9, 'blue': 10, 'red': 1}, {'green': 4, 'blue': 3, 'red': 1}, {'blue': 2, 'green': 5, 'red': 2}, {'blue': 17, 'red': 2, 'green': 5}]
colors ['10green', '10red', '5blue']
colors ['5red', '4blue', '8green']
colors ['3green', '10red', '3blue']
colors ['2blue', '8green', '1red']
colors ['6red', '1green', '4blue']
game_id 28, batches [{'green': 10, 'red': 10, 'blue': 5}, {'red': 5, 'blue': 4, 'green': 8}, {'green': 3, 'red': 10, 'blue': 3}, {'blue': 2, 'green': 8, 'red': 1}, {'red': 6, 'green': 1, 'blue': 4}]
colors ['3blue', '11red', '1green']
colors ['5blue', '3green', '6red']
colors ['8red', '12blue', '10green']
colors ['1blue', '4red', '1green']
game_id 29, batches [{'blue': 3, 'red': 11, 'green': 1}, {'blue': 5, 'green': 3, 'red': 6}, {'red': 8, 'blue': 12, 'green': 10}, {'blue': 1, 'red': 4, 'green': 1}]
colors ['10blue', '1red', '2green']
colors ['1red', '8blue', '2green']
colors ['4blue', '3green']
colors ['5green', '1red', '3blue']
colors ['3green', '14blue']
game_id 30, batches [{'blue': 10, 'red': 1, 'green': 2}, {'red': 1, 'blue': 8, 'green': 2}, {'blue': 4, 'green': 3}, {'green': 5, 'red': 1, 'blue': 3}, {'green': 3, 'blue': 14}]
colors ['3red', '7green', '6blue']
colors ['11red', '4green', '2blue']
colors ['1green', '11red', '8blue']
colors ['6green', '5blue', '5red']
colors ['4green', '3blue', '15red']
game_id 31, batches [{'red': 3, 'green': 7, 'blue': 6}, {'red': 11, 'green': 4, 'blue': 2}, {'green': 1, 'red': 11, 'blue': 8}, {'green': 6, 'blue': 5, 'red': 5}, {'green': 4, 'blue': 3, 'red': 15}]
colors ['9green', '1blue', '10red']
colors ['13red', '7green']
colors ['12red', '6green', '1blue']
game_id 32, batches [{'green': 9, 'blue': 1, 'red': 10}, {'red': 13, 'green': 7}, {'red': 12, 'green': 6, 'blue': 1}]
colors ['9green', '4red', '6blue']
colors ['2red', '4blue', '1green']
colors ['2blue', '11red', '9green']
game_id 33, batches [{'green': 9, 'red': 4, 'blue': 6}, {'red': 2, 'blue': 4, 'green': 1}, {'blue': 2, 'red': 11, 'green': 9}]
colors ['8green', '6red']
colors ['4blue', '3green']
colors ['6red', '1blue', '9green']
colors ['10green', '1red']
colors ['2red', '2blue', '2green']
colors ['2blue']
game_id 34, batches [{'green': 8, 'red': 6}, {'blue': 4, 'green': 3}, {'red': 6, 'blue': 1, 'green': 9}, {'green': 10, 'red': 1}, {'red': 2, 'blue': 2, 'green': 2}, {'blue': 2}]
colors ['4blue', '8green', '8red']
colors ['1blue', '10green']
colors ['5green', '8red']
colors ['4green']
colors ['6red', '1blue', '6green']
game_id 35, batches [{'blue': 4, 'green': 8, 'red': 8}, {'blue': 1, 'green': 10}, {'green': 5, 'red': 8}, {'green': 4}, {'red': 6, 'blue': 1, 'green': 6}]
colors ['4red', '10blue', '16green']
colors ['18blue', '5red', '5green']
colors ['16green', '11blue', '1red']
colors ['6green', '10blue']
colors ['4red', '9green', '17blue']
colors ['1red', '9blue', '14green']
game_id 36, batches [{'red': 4, 'blue': 10, 'green': 16}, {'blue': 18, 'red': 5, 'green': 5}, {'green': 16, 'blue': 11, 'red': 1}, {'green': 6, 'blue': 10}, {'red': 4, 'green': 9, 'blue': 17}, {'red': 1, 'blue': 9, 'green': 14}]
colors ['1red', '13green', '5blue']
colors ['2red', '12green', '12blue']
colors ['5red', '11blue', '5green']
colors ['9green', '4blue']
game_id 37, batches [{'red': 1, 'green': 13, 'blue': 5}, {'red': 2, 'green': 12, 'blue': 12}, {'red': 5, 'blue': 11, 'green': 5}, {'green': 9, 'blue': 4}]
colors ['1green', '12blue', '1red']
colors ['11blue', '3red', '1green']
colors ['17red', '11blue']
colors ['8red', '2blue']
game_id 38, batches [{'green': 1, 'blue': 12, 'red': 1}, {'blue': 11, 'red': 3, 'green': 1}, {'red': 17, 'blue': 11}, {'red': 8, 'blue': 2}]
colors ['11blue', '12red', '1green']
colors ['1blue', '1green', '4red']
colors ['3green', '6blue', '3red']
game_id 39, batches [{'blue': 11, 'red': 12, 'green': 1}, {'blue': 1, 'green': 1, 'red': 4}, {'green': 3, 'blue': 6, 'red': 3}]
colors ['1blue', '1red']
colors ['9green', '2red', '2blue']
colors ['9green', '3red']
colors ['8green', '4blue', '4red']
colors ['3green', '3red']
game_id 40, batches [{'blue': 1, 'red': 1}, {'green': 9, 'red': 2, 'blue': 2}, {'green': 9, 'red': 3}, {'green': 8, 'blue': 4, 'red': 4}, {'green': 3, 'red': 3}]
colors ['7blue', '8red', '3green']
colors ['4red', '7green', '1blue']
colors ['5blue', '6red', '5green']
colors ['4blue', '9red']
colors ['2green', '9blue', '5red']
game_id 41, batches [{'blue': 7, 'red': 8, 'green': 3}, {'red': 4, 'green': 7, 'blue': 1}, {'blue': 5, 'red': 6, 'green': 5}, {'blue': 4, 'red': 9}, {'green': 2, 'blue': 9, 'red': 5}]
colors ['8blue', '17green', '7red']
colors ['6red', '11green', '13blue']
colors ['7red', '3blue', '14green']
colors ['2red', '12blue', '2green']
colors ['18green', '8red']
colors ['10green', '5blue']
game_id 42, batches [{'blue': 8, 'green': 17, 'red': 7}, {'red': 6, 'green': 11, 'blue': 13}, {'red': 7, 'blue': 3, 'green': 14}, {'red': 2, 'blue': 12, 'green': 2}, {'green': 18, 'red': 8}, {'green': 10, 'blue': 5}]
colors ['5green', '9red', '3blue']
colors ['3red', '5green']
colors ['6green', '1blue', '10red']
colors ['8blue', '1green', '2red']
game_id 43, batches [{'green': 5, 'red': 9, 'blue': 3}, {'red': 3, 'green': 5}, {'green': 6, 'blue': 1, 'red': 10}, {'blue': 8, 'green': 1, 'red': 2}]
colors ['1red', '5blue']
colors ['4green', '6red', '2blue']
colors ['12green', '8red']
colors ['4blue', '2red', '9green']
colors ['1blue', '5green', '3red']
game_id 44, batches [{'red': 1, 'blue': 5}, {'green': 4, 'red': 6, 'blue': 2}, {'green': 12, 'red': 8}, {'blue': 4, 'red': 2, 'green': 9}, {'blue': 1, 'green': 5, 'red': 3}]
colors ['9blue', '5red', '6green']
colors ['10blue', '7green', '8red']
colors ['1red', '1green', '10blue']
colors ['2red', '1green', '11blue']
colors ['11red']
game_id 45, batches [{'blue': 9, 'red': 5, 'green': 6}, {'blue': 10, 'green': 7, 'red': 8}, {'red': 1, 'green': 1, 'blue': 10}, {'red': 2, 'green': 1, 'blue': 11}, {'red': 11}]
colors ['14blue', '8green', '2red']
colors ['10green', '8blue']
colors ['7blue', '12green']
colors ['14green', '10blue', '2red']
game_id 46, batches [{'blue': 14, 'green': 8, 'red': 2}, {'green': 10, 'blue': 8}, {'blue': 7, 'green': 12}, {'green': 14, 'blue': 10, 'red': 2}]
colors ['5blue', '7green', '1red']
colors ['5blue', '5green', '3red']
colors ['2red', '8green', '3blue']
colors ['2red', '2green']
game_id 47, batches [{'blue': 5, 'green': 7, 'red': 1}, {'blue': 5, 'green': 5, 'red': 3}, {'red': 2, 'green': 8, 'blue': 3}, {'red': 2, 'green': 2}]
colors ['2red', '2blue', '1green']
colors ['1green', '1blue', '3red']
colors ['1blue', '1red']
colors ['3green', '8blue']
game_id 48, batches [{'red': 2, 'blue': 2, 'green': 1}, {'green': 1, 'blue': 1, 'red': 3}, {'blue': 1, 'red': 1}, {'green': 3, 'blue': 8}]
colors ['7red', '2blue', '8green']
colors ['8red', '4green']
colors ['2blue', '4red', '8green']
game_id 49, batches [{'red': 7, 'blue': 2, 'green': 8}, {'red': 8, 'green': 4}, {'blue': 2, 'red': 4, 'green': 8}]
colors ['9red', '4blue', '10green']
colors ['11red', '7green', '4blue']
colors ['4green', '16red', '2blue']
colors ['13red', '9blue', '3green']
colors ['1red', '6blue']
game_id 50, batches [{'red': 9, 'blue': 4, 'green': 10}, {'red': 11, 'green': 7, 'blue': 4}, {'green': 4, 'red': 16, 'blue': 2}, {'red': 13, 'blue': 9, 'green': 3}, {'red': 1, 'blue': 6}]
colors ['8blue', '2red', '3green']
colors ['2blue', '2red']
colors ['4blue', '1green']
colors ['1red', '2blue', '2green']
colors ['5green', '6blue', '1red']
game_id 51, batches [{'blue': 8, 'red': 2, 'green': 3}, {'blue': 2, 'red': 2}, {'blue': 4, 'green': 1}, {'red': 1, 'blue': 2, 'green': 2}, {'green': 5, 'blue': 6, 'red': 1}]
colors ['12blue', '8red']
colors ['11green', '9red', '11blue']
colors ['8blue', '5green', '8red']
colors ['3red', '11blue', '11green']
colors ['12blue', '6green', '5red']
colors ['10red', '8green']
game_id 52, batches [{'blue': 12, 'red': 8}, {'green': 11, 'red': 9, 'blue': 11}, {'blue': 8, 'green': 5, 'red': 8}, {'red': 3, 'blue': 11, 'green': 11}, {'blue': 12, 'green': 6, 'red': 5}, {'red': 10, 'green': 8}]
colors ['9green', '6red', '3blue']
colors ['4blue', '5green', '3red']
colors ['11green', '5blue', '2red']
colors ['4red', '9green']
game_id 53, batches [{'green': 9, 'red': 6, 'blue': 3}, {'blue': 4, 'green': 5, 'red': 3}, {'green': 11, 'blue': 5, 'red': 2}, {'red': 4, 'green': 9}]
colors ['13blue', '8green']
colors ['15blue', '3red', '7green']
colors ['8green', '1blue']
colors ['8blue', '3red', '6green']
colors ['3red', '1green', '12blue']
colors ['9green', '3red', '2blue']
game_id 54, batches [{'blue': 13, 'green': 8}, {'blue': 15, 'red': 3, 'green': 7}, {'green': 8, 'blue': 1}, {'blue': 8, 'red': 3, 'green': 6}, {'red': 3, 'green': 1, 'blue': 12}, {'green': 9, 'red': 3, 'blue': 2}]
colors ['2red', '1blue', '2green']
colors ['4blue', '3green', '1red']
colors ['4red', '7green', '4blue']
colors ['7green', '3red', '1blue']
colors ['2blue', '4green', '1red']
colors ['5blue', '1red', '4green']
game_id 55, batches [{'red': 2, 'blue': 1, 'green': 2}, {'blue': 4, 'green': 3, 'red': 1}, {'red': 4, 'green': 7, 'blue': 4}, {'green': 7, 'red': 3, 'blue': 1}, {'blue': 2, 'green': 4, 'red': 1}, {'blue': 5, 'red': 1, 'green': 4}]
colors ['14green', '1blue', '4red']
colors ['3red', '1blue']
colors ['10red', '8blue']
colors ['8red', '7blue', '3green']
colors ['3green', '12blue', '4red']
colors ['7red', '2green']
game_id 56, batches [{'green': 14, 'blue': 1, 'red': 4}, {'red': 3, 'blue': 1}, {'red': 10, 'blue': 8}, {'red': 8, 'blue': 7, 'green': 3}, {'green': 3, 'blue': 12, 'red': 4}, {'red': 7, 'green': 2}]
colors ['7blue', '8green', '6red']
colors ['7green', '5blue', '3red']
colors ['2red', '8blue', '9green']
game_id 57, batches [{'blue': 7, 'green': 8, 'red': 6}, {'green': 7, 'blue': 5, 'red': 3}, {'red': 2, 'blue': 8, 'green': 9}]
colors ['7green', '8red', '3blue']
colors ['7red', '5blue', '9green']
colors ['4blue', '3red', '9green']
colors ['1green']
colors ['5green', '2blue']
colors ['5blue', '7green', '2red']
game_id 58, batches [{'green': 7, 'red': 8, 'blue': 3}, {'red': 7, 'blue': 5, 'green': 9}, {'blue': 4, 'red': 3, 'green': 9}, {'green': 1}, {'green': 5, 'blue': 2}, {'blue': 5, 'green': 7, 'red': 2}]
colors ['2blue', '10green']
colors ['8blue', '10red', '1green']
colors ['1red', '10blue', '7green']
colors ['2red', '7blue', '1green']
colors ['5green', '3blue']
game_id 59, batches [{'blue': 2, 'green': 10}, {'blue': 8, 'red': 10, 'green': 1}, {'red': 1, 'blue': 10, 'green': 7}, {'red': 2, 'blue': 7, 'green': 1}, {'green': 5, 'blue': 3}]
colors ['1green', '2blue']
colors ['5red', '2green', '2blue']
colors ['2green', '3red']
game_id 60, batches [{'green': 1, 'blue': 2}, {'red': 5, 'green': 2, 'blue': 2}, {'green': 2, 'red': 3}]
colors ['3green', '2red']
colors ['10green', '7red', '2blue']
colors ['8green', '2blue']
colors ['5green', '3red', '1blue']
colors ['12green', '1red']
colors ['1blue', '13green', '6red']
game_id 61, batches [{'green': 3, 'red': 2}, {'green': 10, 'red': 7, 'blue': 2}, {'green': 8, 'blue': 2}, {'green': 5, 'red': 3, 'blue': 1}, {'green': 12, 'red': 1}, {'blue': 1, 'green': 13, 'red': 6}]
colors ['11green', '2red']
colors ['3blue', '3red']
colors ['2blue', '1red', '10green']
colors ['11green', '3blue']
game_id 62, batches [{'green': 11, 'red': 2}, {'blue': 3, 'red': 3}, {'blue': 2, 'red': 1, 'green': 10}, {'green': 11, 'blue': 3}]
colors ['7blue']
colors ['7red', '1green', '8blue']
colors ['5red', '14blue', '1green']
game_id 63, batches [{'blue': 7}, {'red': 7, 'green': 1, 'blue': 8}, {'red': 5, 'blue': 14, 'green': 1}]
colors ['2green', '12blue', '1red']
colors ['18blue', '10red']
colors ['9blue', '2green', '13red']
colors ['1red', '1green', '15blue']
game_id 64, batches [{'green': 2, 'blue': 12, 'red': 1}, {'blue': 18, 'red': 10}, {'blue': 9, 'green': 2, 'red': 13}, {'red': 1, 'green': 1, 'blue': 15}]
colors ['6blue', '8red', '8green']
colors ['2green', '9red', '9blue']
colors ['3green', '9red', '1blue']
colors ['10red', '4blue', '2green']
colors ['7blue', '5red', '5green']
game_id 65, batches [{'blue': 6, 'red': 8, 'green': 8}, {'green': 2, 'red': 9, 'blue': 9}, {'green': 3, 'red': 9, 'blue': 1}, {'red': 10, 'blue': 4, 'green': 2}, {'blue': 7, 'red': 5, 'green': 5}]
colors ['14red', '3green', '9blue']
colors ['3blue', '7green', '12red']
colors ['5red', '8green', '1blue']
colors ['12red', '5green', '4blue']
colors ['5green', '14blue']
game_id 66, batches [{'red': 14, 'green': 3, 'blue': 9}, {'blue': 3, 'green': 7, 'red': 12}, {'red': 5, 'green': 8, 'blue': 1}, {'red': 12, 'green': 5, 'blue': 4}, {'green': 5, 'blue': 14}]
colors ['1blue', '9red', '7green']
colors ['12red', '9green', '1blue']
colors ['13red', '4green', '2blue']
colors ['1red', '1blue', '5green']
colors ['10red', '2blue']
game_id 67, batches [{'blue': 1, 'red': 9, 'green': 7}, {'red': 12, 'green': 9, 'blue': 1}, {'red': 13, 'green': 4, 'blue': 2}, {'red': 1, 'blue': 1, 'green': 5}, {'red': 10, 'blue': 2}]
colors ['12green', '2red']
colors ['1red', '4green', '7blue']
colors ['3red', '4blue', '14green']
colors ['6blue', '6green']
colors ['7blue', '4green', '3red']
game_id 68, batches [{'green': 12, 'red': 2}, {'red': 1, 'green': 4, 'blue': 7}, {'red': 3, 'blue': 4, 'green': 14}, {'blue': 6, 'green': 6}, {'blue': 7, 'green': 4, 'red': 3}]
colors ['2green', '17blue', '9red']
colors ['6blue', '3green', '4red']
colors ['11blue', '4red', '6green']
game_id 69, batches [{'green': 2, 'blue': 17, 'red': 9}, {'blue': 6, 'green': 3, 'red': 4}, {'blue': 11, 'red': 4, 'green': 6}]
colors ['11blue', '10red', '12green']
colors ['9red', '10blue', '5green']
colors ['2red', '3green', '9blue']
colors ['5green', '6blue', '6red']
colors ['12green', '8red', '10blue']
game_id 70, batches [{'blue': 11, 'red': 10, 'green': 12}, {'red': 9, 'blue': 10, 'green': 5}, {'red': 2, 'green': 3, 'blue': 9}, {'green': 5, 'blue': 6, 'red': 6}, {'green': 12, 'red': 8, 'blue': 10}]
colors ['7blue', '3red']
colors ['1green', '11blue', '1red']
colors ['1red', '5blue', '1green']
game_id 71, batches [{'blue': 7, 'red': 3}, {'green': 1, 'blue': 11, 'red': 1}, {'red': 1, 'blue': 5, 'green': 1}]
colors ['9red', '7blue']
colors ['1green', '6blue']
colors ['15red', '6blue']
colors ['5red', '4blue']
colors ['4blue', '4red', '1green']
game_id 72, batches [{'red': 9, 'blue': 7}, {'green': 1, 'blue': 6}, {'red': 15, 'blue': 6}, {'red': 5, 'blue': 4}, {'blue': 4, 'red': 4, 'green': 1}]
colors ['10green', '4red']
colors ['1green', '5red']
colors ['3red', '1green']
colors ['1blue', '9green', '6red']
game_id 73, batches [{'green': 10, 'red': 4}, {'green': 1, 'red': 5}, {'red': 3, 'green': 1}, {'blue': 1, 'green': 9, 'red': 6}]
colors ['6red', '3blue', '8green']
colors ['5green', '9red', '1blue']
colors ['1blue', '1green', '2red']
game_id 74, batches [{'red': 6, 'blue': 3, 'green': 8}, {'green': 5, 'red': 9, 'blue': 1}, {'blue': 1, 'green': 1, 'red': 2}]
colors ['2blue', '3green']
colors ['3blue', '7green', '1red']
colors ['6green', '1red']
colors ['5green', '1blue']
colors ['7green', '3blue']
game_id 75, batches [{'blue': 2, 'green': 3}, {'blue': 3, 'green': 7, 'red': 1}, {'green': 6, 'red': 1}, {'green': 5, 'blue': 1}, {'green': 7, 'blue': 3}]
colors ['4red', '2blue']
colors ['1green', '7red']
colors ['2blue', '3red']
colors ['1green', '1red', '1blue']
colors ['4red', '1green']
game_id 76, batches [{'red': 4, 'blue': 2}, {'green': 1, 'red': 7}, {'blue': 2, 'red': 3}, {'green': 1, 'red': 1, 'blue': 1}, {'red': 4, 'green': 1}]
colors ['18green', '19red', '11blue']
colors ['1blue', '18red']
colors ['5blue', '10red', '16green']
game_id 77, batches [{'green': 18, 'red': 19, 'blue': 11}, {'blue': 1, 'red': 18}, {'blue': 5, 'red': 10, 'green': 16}]
colors ['3red', '8blue', '1green']
colors ['2red', '3blue']
colors ['1green', '6red', '12blue']
game_id 78, batches [{'red': 3, 'blue': 8, 'green': 1}, {'red': 2, 'blue': 3}, {'green': 1, 'red': 6, 'blue': 12}]
colors ['5red', '4green', '9blue']
colors ['3blue']
colors ['4red', '5green', '2blue']
colors ['7blue', '5green', '8red']
colors ['5red', '6green']
colors ['7blue', '5green']
game_id 79, batches [{'red': 5, 'green': 4, 'blue': 9}, {'blue': 3}, {'red': 4, 'green': 5, 'blue': 2}, {'blue': 7, 'green': 5, 'red': 8}, {'red': 5, 'green': 6}, {'blue': 7, 'green': 5}]
colors ['8green', '11red', '3blue']
colors ['15red', '4blue', '8green']
colors ['6green', '14red']
game_id 80, batches [{'green': 8, 'red': 11, 'blue': 3}, {'red': 15, 'blue': 4, 'green': 8}, {'green': 6, 'red': 14}]
colors ['11green', '5red']
colors ['7green', '14blue', '4red']
colors ['7red', '8blue', '2green']
colors ['10red', '3green', '18blue']
colors ['3red', '1green']
game_id 81, batches [{'green': 11, 'red': 5}, {'green': 7, 'blue': 14, 'red': 4}, {'red': 7, 'blue': 8, 'green': 2}, {'red': 10, 'green': 3, 'blue': 18}, {'red': 3, 'green': 1}]
colors ['2blue', '5red']
colors ['3green', '5red', '7blue']
colors ['3green', '4blue', '2red']
colors ['10blue', '2green', '2red']
colors ['8blue', '2red']
colors ['3green', '3red', '7blue']
game_id 82, batches [{'blue': 2, 'red': 5}, {'green': 3, 'red': 5, 'blue': 7}, {'green': 3, 'blue': 4, 'red': 2}, {'blue': 10, 'green': 2, 'red': 2}, {'blue': 8, 'red': 2}, {'green': 3, 'red': 3, 'blue': 7}]
colors ['7red', '12green', '1blue']
colors ['5blue', '17green', '5red']
colors ['9red', '3blue']
colors ['2blue', '1red', '20green']
colors ['5red', '6blue']
colors ['2blue', '3red', '11green']
game_id 83, batches [{'red': 7, 'green': 12, 'blue': 1}, {'blue': 5, 'green': 17, 'red': 5}, {'red': 9, 'blue': 3}, {'blue': 2, 'red': 1, 'green': 20}, {'red': 5, 'blue': 6}, {'blue': 2, 'red': 3, 'green': 11}]
colors ['1blue', '7red', '6green']
colors ['6red', '8green', '10blue']
colors ['8green', '1blue', '6red']
colors ['8red', '4blue', '6green']
colors ['3red', '12blue', '8green']
colors ['3red', '2blue', '7green']
game_id 84, batches [{'blue': 1, 'red': 7, 'green': 6}, {'red': 6, 'green': 8, 'blue': 10}, {'green': 8, 'blue': 1, 'red': 6}, {'red': 8, 'blue': 4, 'green': 6}, {'red': 3, 'blue': 12, 'green': 8}, {'red': 3, 'blue': 2, 'green': 7}]
colors ['1blue', '1green', '8red']
colors ['9blue', '9green', '2red']
colors ['10green', '12red', '7blue']
colors ['7green', '2blue', '7red']
colors ['7red', '3green']
colors ['11red', '9blue', '5green']
game_id 85, batches [{'blue': 1, 'green': 1, 'red': 8}, {'blue': 9, 'green': 9, 'red': 2}, {'green': 10, 'red': 12, 'blue': 7}, {'green': 7, 'blue': 2, 'red': 7}, {'red': 7, 'green': 3}, {'red': 11, 'blue': 9, 'green': 5}]
colors ['4blue', '8red']
colors ['4red', '3green']
colors ['7blue', '12red', '4green']
colors ['4green', '8blue', '3red']
game_id 86, batches [{'blue': 4, 'red': 8}, {'red': 4, 'green': 3}, {'blue': 7, 'red': 12, 'green': 4}, {'green': 4, 'blue': 8, 'red': 3}]
colors ['6blue', '19green', '5red']
colors ['20green', '5red', '5blue']
colors ['8red', '3blue', '9green']
colors ['11blue', '7green', '7red']
colors ['17green', '11blue']
game_id 87, batches [{'blue': 6, 'green': 19, 'red': 5}, {'green': 20, 'red': 5, 'blue': 5}, {'red': 8, 'blue': 3, 'green': 9}, {'blue': 11, 'green': 7, 'red': 7}, {'green': 17, 'blue': 11}]
colors ['1green', '2red', '5blue']
colors ['2blue', '11green']
colors ['3red', '3blue', '6green']
colors ['4blue', '2green', '1red']
colors ['8green', '4blue']
game_id 88, batches [{'green': 1, 'red': 2, 'blue': 5}, {'blue': 2, 'green': 11}, {'red': 3, 'blue': 3, 'green': 6}, {'blue': 4, 'green': 2, 'red': 1}, {'green': 8, 'blue': 4}]
colors ['19red', '15green', '10blue']
colors ['17green', '1red', '4blue']
colors ['13green', '10blue', '15red']
game_id 89, batches [{'red': 19, 'green': 15, 'blue': 10}, {'green': 17, 'red': 1, 'blue': 4}, {'green': 13, 'blue': 10, 'red': 15}]
colors ['3blue', '1red']
colors ['4blue', '1red', '1green']
colors ['4green', '3red']
colors ['4red', '4green', '5blue']
colors ['2green', '3blue']
colors ['4red', '2green', '4blue']
game_id 90, batches [{'blue': 3, 'red': 1}, {'blue': 4, 'red': 1, 'green': 1}, {'green': 4, 'red': 3}, {'red': 4, 'green': 4, 'blue': 5}, {'green': 2, 'blue': 3}, {'red': 4, 'green': 2, 'blue': 4}]
colors ['8red', '4blue', '16green']
colors ['17green', '5blue', '4red']
colors ['10green', '6red']
colors ['11red', '7blue']
colors ['14blue', '4red']
game_id 91, batches [{'red': 8, 'blue': 4, 'green': 16}, {'green': 17, 'blue': 5, 'red': 4}, {'green': 10, 'red': 6}, {'red': 11, 'blue': 7}, {'blue': 14, 'red': 4}]
colors ['1green', '3red', '1blue']
colors ['2blue', '2green', '5red']
colors ['2blue', '8red']
colors ['1blue', '2green', '14red']
colors ['3red']
colors ['1blue', '9red']
game_id 92, batches [{'green': 1, 'red': 3, 'blue': 1}, {'blue': 2, 'green': 2, 'red': 5}, {'blue': 2, 'red': 8}, {'blue': 1, 'green': 2, 'red': 14}, {'red': 3}, {'blue': 1, 'red': 9}]
colors ['11blue', '7red', '8green']
colors ['8red', '6blue', '5green']
colors ['4blue', '4green', '6red']
game_id 93, batches [{'blue': 11, 'red': 7, 'green': 8}, {'red': 8, 'blue': 6, 'green': 5}, {'blue': 4, 'green': 4, 'red': 6}]
colors ['2green', '1blue']
colors ['5green', '5red', '4blue']
colors ['7green', '2blue']
colors ['5red', '1green', '3blue']
colors ['2blue', '1green', '5red']
colors ['1red', '3blue', '5green']
game_id 94, batches [{'green': 2, 'blue': 1}, {'green': 5, 'red': 5, 'blue': 4}, {'green': 7, 'blue': 2}, {'red': 5, 'green': 1, 'blue': 3}, {'blue': 2, 'green': 1, 'red': 5}, {'red': 1, 'blue': 3, 'green': 5}]
colors ['3red']
colors ['7green', '4red', '7blue']
colors ['5red', '5blue']
game_id 95, batches [{'red': 3}, {'green': 7, 'red': 4, 'blue': 7}, {'red': 5, 'blue': 5}]
colors ['3red', '5blue', '1green']
colors ['3blue', '14red', '2green']
colors ['7blue', '3red', '2green']
colors ['15red', '5blue']
game_id 96, batches [{'red': 3, 'blue': 5, 'green': 1}, {'blue': 3, 'red': 14, 'green': 2}, {'blue': 7, 'red': 3, 'green': 2}, {'red': 15, 'blue': 5}]
colors ['17red', '8green', '6blue']
colors ['8blue', '9green']
colors ['4green', '18red']
game_id 97, batches [{'red': 17, 'green': 8, 'blue': 6}, {'blue': 8, 'green': 9}, {'green': 4, 'red': 18}]
colors ['9blue', '2green']
colors ['4red', '6blue', '3green']
colors ['2red']
colors ['14red', '12blue']
game_id 98, batches [{'blue': 9, 'green': 2}, {'red': 4, 'blue': 6, 'green': 3}, {'red': 2}, {'red': 14, 'blue': 12}]
colors ['4red', '3green', '3blue']
colors ['2red', '2blue']
colors ['7green', '3blue']
colors ['5red', '2green']
game_id 99, batches [{'red': 4, 'green': 3, 'blue': 3}, {'red': 2, 'blue': 2}, {'green': 7, 'blue': 3}, {'red': 5, 'green': 2}]
colors ['5green', '7red', '4blue']
colors ['11green', '9red', '8blue']
colors ['2blue', '12green']
game_id 100, batches [{'green': 5, 'red': 7, 'blue': 4}, {'green': 11, 'red': 9, 'blue': 8}, {'blue': 2, 'green': 12}]
valid_game_ids [2, 4, 6, 7, 10, 12, 13, 14, 16, 18, 19, 21, 22, 25, 28, 29, 30, 33, 34, 35, 37, 39, 40, 41, 43, 44, 45, 47, 48, 49, 51, 52, 53, 55, 57, 58, 59, 60, 61, 62, 63, 65, 70, 71, 73, 74, 75, 76, 78, 79, 82, 84, 85, 86, 88, 90, 93, 94, 95, 99, 100], sum(valid_game_ids) 3099
