colors ['4red', '8green']
colors ['8green', '6red']
colors ['13red', '8green']
colors ['2blue', '4red', '4green']
game_id 1, batches ['4red,8green', '8green,6red', '13red,8green', '2blue,4red,4green']
colors ['5blue']
colors ['1red', '3blue']
colors ['1red', '7blue', '1green']
colors ['1red', '8blue']
colors ['7blue', '1red']
colors ['4blue', '1green', '1red']
game_id 2, batches ['5blue', '1red,3blue', '1red,7blue,1green', '1red,8blue', '7blue,1red', '4blue,1green,1red']
colors ['8blue', '5green', '15red']
colors ['6red', '6blue', '3green']
colors ['8red', '2green']
colors ['10blue', '10red', '6green']
colors ['8red', '6blue']
colors ['15red', '5green', '2blue']
game_id 3, batches ['8blue,5green,15red', '6red,6blue,3green', '8red,2green', '10blue,10red,6green', '8red,6blue', '15red,5green,2blue']
colors ['10green', '12red', '14blue']
colors ['5green', '9red', '7blue']
colors ['14blue', '12red']
colors ['8blue', '7green', '11red']
game_id 4, batches ['10green,12red,14blue', '5green,9red,7blue', '14blue,12red', '8blue,7green,11red']
colors ['13blue', '10red', '7green']
colors ['3green', '8red', '4blue']
colors ['16red', '5green', '5blue']
colors ['2blue', '9red', '7green']
colors ['5red', '14blue', '3green']
colors ['2red', '11blue', '2green']
game_id 5, batches ['13blue,10red,7green', '3green,8red,4blue', '16red,5green,5blue', '2blue,9red,7green', '5red,14blue,3green', '2red,11blue,2green']
colors ['3blue', '1green']
colors ['10green', '12red', '6blue']
colors ['3green', '2red', '5blue']
colors ['2blue', '11green', '2red']
colors ['1red', '5blue', '9green']
game_id 6, batches ['3blue,1green', '10green,12red,6blue', '3green,2red,5blue', '2blue,11green,2red', '1red,5blue,9green']
colors ['2blue', '10green']
colors ['3red', '10blue']
colors ['3green', '8blue', '5red']
colors ['8green', '10blue', '2red']
game_id 7, batches ['2blue,10green', '3red,10blue', '3green,8blue,5red', '8green,10blue,2red']
colors ['15red', '12blue', '5green']
colors ['10red', '12blue', '5green']
colors ['10red', '7green']
game_id 8, batches ['15red,12blue,5green', '10red,12blue,5green', '10red,7green']
colors ['18blue', '14red']
colors ['3green', '9blue']
colors ['1blue', '11red']
colors ['5red', '7blue', '3green']
colors ['8red', '4green', '1blue']
game_id 9, batches ['18blue,14red', '3green,9blue', '1blue,11red', '5red,7blue,3green', '8red,4green,1blue']
colors ['2blue']
colors ['10green', '4blue', '3red']
colors ['5green', '4red', '4blue']
colors ['1red', '3blue', '4green']
colors ['2blue', '5red', '3green']
colors ['3green', '2red', '2blue']
game_id 10, batches ['2blue', '10green,4blue,3red', '5green,4red,4blue', '1red,3blue,4green', '2blue,5red,3green', '3green,2red,2blue']
colors ['4blue', '19green']
colors ['19blue', '12green', '17red']
colors ['11red', '10blue', '17green']
colors ['9green', '18blue']
colors ['14green', '9red', '18blue']
colors ['15blue', '6green', '19red']
game_id 11, batches ['4blue,19green', '19blue,12green,17red', '11red,10blue,17green', '9green,18blue', '14green,9red,18blue', '15blue,6green,19red']
colors ['1green', '6blue', '2red']
colors ['6blue', '2red', '8green']
colors ['2green', '2red', '7blue']
colors ['1red', '3blue', '6green']
game_id 12, batches ['1green,6blue,2red', '6blue,2red,8green', '2green,2red,7blue', '1red,3blue,6green']
colors ['2red', '11blue', '4green']
colors ['2red', '7blue']
colors ['9green', '1red', '12blue']
colors ['13blue', '8green']
colors ['11blue', '8green', '1red']
colors ['1red', '2blue']
game_id 13, batches ['2red,11blue,4green', '2red,7blue', '9green,1red,12blue', '13blue,8green', '11blue,8green,1red', '1red,2blue']
colors ['1green', '4blue', '11red']
colors ['11green', '6blue', '7red']
colors ['7green', '6blue', '4red']
colors ['12blue', '10red', '11green']
game_id 14, batches ['1green,4blue,11red', '11green,6blue,7red', '7green,6blue,4red', '12blue,10red,11green']
colors ['1green', '19red', '3blue']
colors ['11red', '3blue']
colors ['20red', '4blue']
game_id 15, batches ['1green,19red,3blue', '11red,3blue', '20red,4blue']
colors ['3red', '1green', '7blue']
colors ['3blue', '4red', '1green']
colors ['6blue', '7red', '3green']
game_id 16, batches ['3red,1green,7blue', '3blue,4red,1green', '6blue,7red,3green']
colors ['7blue', '4red', '19green']
colors ['7green', '4red']
colors ['8green', '2red', '4blue']
game_id 17, batches ['7blue,4red,19green', '7green,4red', '8green,2red,4blue']
colors ['1red', '1blue', '6green']
colors ['2red', '6green', '1blue']
colors ['4green', '1red', '1blue']
game_id 18, batches ['1red,1blue,6green', '2red,6green,1blue', '4green,1red,1blue']
colors ['4blue', '8green', '6red']
colors ['2red', '9green', '4blue']
colors ['9green', '8red', '6blue']
colors ['3red', '6blue', '9green']
colors ['8red', '4blue', '7green']
game_id 19, batches ['4blue,8green,6red', '2red,9green,4blue', '9green,8red,6blue', '3red,6blue,9green', '8red,4blue,7green']
colors ['3blue', '7green', '13red']
colors ['13blue']
colors ['12red', '14blue']
colors ['3red', '6green', '8blue']
game_id 20, batches ['3blue,7green,13red', '13blue', '12red,14blue', '3red,6green,8blue']
colors ['5green', '2red', '10blue']
colors ['2red', '2green', '6blue']
colors ['1blue', '1red', '7green']
colors ['4blue', '1red', '2green']
game_id 21, batches ['5green,2red,10blue', '2red,2green,6blue', '1blue,1red,7green', '4blue,1red,2green']
colors ['2red']
colors ['1green', '7red']
colors ['3red', '1green', '1blue']
colors ['4red', '5green', '3blue']
colors ['1blue', '2green']
game_id 22, batches ['2red', '1green,7red', '3red,1green,1blue', '4red,5green,3blue', '1blue,2green']
colors ['15red', '1blue', '3green']
colors ['6blue', '3green', '2red']
colors ['6green', '4red', '1blue']
game_id 23, batches ['15red,1blue,3green', '6blue,3green,2red', '6green,4red,1blue']
colors ['17green']
colors ['1red', '2blue', '3green']
colors ['10blue', '1green']
colors ['1green']
colors ['1red', '2blue', '1green']
game_id 24, batches ['17green', '1red,2blue,3green', '10blue,1green', '1green', '1red,2blue,1green']
colors ['2green', '8blue', '1red']
colors ['1blue', '1red', '9green']
colors ['1blue', '2green', '2red']
colors ['3red', '6blue']
game_id 25, batches ['2green,8blue,1red', '1blue,1red,9green', '1blue,2green,2red', '3red,6blue']
colors ['12red', '19green', '4blue']
colors ['2red', '10blue', '15green']
colors ['14blue', '17red', '3green']
colors ['1green', '15red', '3blue']
game_id 26, batches ['12red,19green,4blue', '2red,10blue,15green', '14blue,17red,3green', '1green,15red,3blue']
colors ['11green', '1red', '9blue']
colors ['3green', '10blue']
colors ['9green', '10blue', '1red']
colors ['4green', '3blue', '1red']
colors ['2blue', '5green', '2red']
colors ['17blue', '2red', '5green']
game_id 27, batches ['11green,1red,9blue', '3green,10blue', '9green,10blue,1red', '4green,3blue,1red', '2blue,5green,2red', '17blue,2red,5green']
colors ['10green', '10red', '5blue']
colors ['5red', '4blue', '8green']
colors ['3green', '10red', '3blue']
colors ['2blue', '8green', '1red']
colors ['6red', '1green', '4blue']
game_id 28, batches ['10green,10red,5blue', '5red,4blue,8green', '3green,10red,3blue', '2blue,8green,1red', '6red,1green,4blue']
colors ['3blue', '11red', '1green']
colors ['5blue', '3green', '6red']
colors ['8red', '12blue', '10green']
colors ['1blue', '4red', '1green']
game_id 29, batches ['3blue,11red,1green', '5blue,3green,6red', '8red,12blue,10green', '1blue,4red,1green']
colors ['10blue', '1red', '2green']
colors ['1red', '8blue', '2green']
colors ['4blue', '3green']
colors ['5green', '1red', '3blue']
colors ['3green', '14blue']
game_id 30, batches ['10blue,1red,2green', '1red,8blue,2green', '4blue,3green', '5green,1red,3blue', '3green,14blue']
colors ['3red', '7green', '6blue']
colors ['11red', '4green', '2blue']
colors ['1green', '11red', '8blue']
colors ['6green', '5blue', '5red']
colors ['4green', '3blue', '15red']
game_id 31, batches ['3red,7green,6blue', '11red,4green,2blue', '1green,11red,8blue', '6green,5blue,5red', '4green,3blue,15red']
colors ['9green', '1blue', '10red']
colors ['13red', '7green']
colors ['12red', '6green', '1blue']
game_id 32, batches ['9green,1blue,10red', '13red,7green', '12red,6green,1blue']
colors ['9green', '4red', '6blue']
colors ['2red', '4blue', '1green']
colors ['2blue', '11red', '9green']
game_id 33, batches ['9green,4red,6blue', '2red,4blue,1green', '2blue,11red,9green']
colors ['8green', '6red']
colors ['4blue', '3green']
colors ['6red', '1blue', '9green']
colors ['10green', '1red']
colors ['2red', '2blue', '2green']
colors ['2blue']
game_id 34, batches ['8green,6red', '4blue,3green', '6red,1blue,9green', '10green,1red', '2red,2blue,2green', '2blue']
colors ['4blue', '8green', '8red']
colors ['1blue', '10green']
colors ['5green', '8red']
colors ['4green']
colors ['6red', '1blue', '6green']
game_id 35, batches ['4blue,8green,8red', '1blue,10green', '5green,8red', '4green', '6red,1blue,6green']
colors ['4red', '10blue', '16green']
colors ['18blue', '5red', '5green']
colors ['16green', '11blue', '1red']
colors ['6green', '10blue']
colors ['4red', '9green', '17blue']
colors ['1red', '9blue', '14green']
game_id 36, batches ['4red,10blue,16green', '18blue,5red,5green', '16green,11blue,1red', '6green,10blue', '4red,9green,17blue', '1red,9blue,14green']
colors ['1red', '13green', '5blue']
colors ['2red', '12green', '12blue']
colors ['5red', '11blue', '5green']
colors ['9green', '4blue']
game_id 37, batches ['1red,13green,5blue', '2red,12green,12blue', '5red,11blue,5green', '9green,4blue']
colors ['1green', '12blue', '1red']
colors ['11blue', '3red', '1green']
colors ['17red', '11blue']
colors ['8red', '2blue']
game_id 38, batches ['1green,12blue,1red', '11blue,3red,1green', '17red,11blue', '8red,2blue']
colors ['11blue', '12red', '1green']
colors ['1blue', '1green', '4red']
colors ['3green', '6blue', '3red']
game_id 39, batches ['11blue,12red,1green', '1blue,1green,4red', '3green,6blue,3red']
colors ['1blue', '1red']
colors ['9green', '2red', '2blue']
colors ['9green', '3red']
colors ['8green', '4blue', '4red']
colors ['3green', '3red']
game_id 40, batches ['1blue,1red', '9green,2red,2blue', '9green,3red', '8green,4blue,4red', '3green,3red']
colors ['7blue', '8red', '3green']
colors ['4red', '7green', '1blue']
colors ['5blue', '6red', '5green']
colors ['4blue', '9red']
colors ['2green', '9blue', '5red']
game_id 41, batches ['7blue,8red,3green', '4red,7green,1blue', '5blue,6red,5green', '4blue,9red', '2green,9blue,5red']
colors ['8blue', '17green', '7red']
colors ['6red', '11green', '13blue']
colors ['7red', '3blue', '14green']
colors ['2red', '12blue', '2green']
colors ['18green', '8red']
colors ['10green', '5blue']
game_id 42, batches ['8blue,17green,7red', '6red,11green,13blue', '7red,3blue,14green', '2red,12blue,2green', '18green,8red', '10green,5blue']
colors ['5green', '9red', '3blue']
colors ['3red', '5green']
colors ['6green', '1blue', '10red']
colors ['8blue', '1green', '2red']
game_id 43, batches ['5green,9red,3blue', '3red,5green', '6green,1blue,10red', '8blue,1green,2red']
colors ['1red', '5blue']
colors ['4green', '6red', '2blue']
colors ['12green', '8red']
colors ['4blue', '2red', '9green']
colors ['1blue', '5green', '3red']
game_id 44, batches ['1red,5blue', '4green,6red,2blue', '12green,8red', '4blue,2red,9green', '1blue,5green,3red']
colors ['9blue', '5red', '6green']
colors ['10blue', '7green', '8red']
colors ['1red', '1green', '10blue']
colors ['2red', '1green', '11blue']
colors ['11red']
game_id 45, batches ['9blue,5red,6green', '10blue,7green,8red', '1red,1green,10blue', '2red,1green,11blue', '11red']
colors ['14blue', '8green', '2red']
colors ['10green', '8blue']
colors ['7blue', '12green']
colors ['14green', '10blue', '2red']
game_id 46, batches ['14blue,8green,2red', '10green,8blue', '7blue,12green', '14green,10blue,2red']
colors ['5blue', '7green', '1red']
colors ['5blue', '5green', '3red']
colors ['2red', '8green', '3blue']
colors ['2red', '2green']
game_id 47, batches ['5blue,7green,1red', '5blue,5green,3red', '2red,8green,3blue', '2red,2green']
colors ['2red', '2blue', '1green']
colors ['1green', '1blue', '3red']
colors ['1blue', '1red']
colors ['3green', '8blue']
game_id 48, batches ['2red,2blue,1green', '1green,1blue,3red', '1blue,1red', '3green,8blue']
colors ['7red', '2blue', '8green']
colors ['8red', '4green']
colors ['2blue', '4red', '8green']
game_id 49, batches ['7red,2blue,8green', '8red,4green', '2blue,4red,8green']
colors ['9red', '4blue', '10green']
colors ['11red', '7green', '4blue']
colors ['4green', '16red', '2blue']
colors ['13red', '9blue', '3green']
colors ['1red', '6blue']
game_id 50, batches ['9red,4blue,10green', '11red,7green,4blue', '4green,16red,2blue', '13red,9blue,3green', '1red,6blue']
colors ['8blue', '2red', '3green']
colors ['2blue', '2red']
colors ['4blue', '1green']
colors ['1red', '2blue', '2green']
colors ['5green', '6blue', '1red']
game_id 51, batches ['8blue,2red,3green', '2blue,2red', '4blue,1green', '1red,2blue,2green', '5green,6blue,1red']
colors ['12blue', '8red']
colors ['11green', '9red', '11blue']
colors ['8blue', '5green', '8red']
colors ['3red', '11blue', '11green']
colors ['12blue', '6green', '5red']
colors ['10red', '8green']
game_id 52, batches ['12blue,8red', '11green,9red,11blue', '8blue,5green,8red', '3red,11blue,11green', '12blue,6green,5red', '10red,8green']
colors ['9green', '6red', '3blue']
colors ['4blue', '5green', '3red']
colors ['11green', '5blue', '2red']
colors ['4red', '9green']
game_id 53, batches ['9green,6red,3blue', '4blue,5green,3red', '11green,5blue,2red', '4red,9green']
colors ['13blue', '8green']
colors ['15blue', '3red', '7green']
colors ['8green', '1blue']
colors ['8blue', '3red', '6green']
colors ['3red', '1green', '12blue']
colors ['9green', '3red', '2blue']
game_id 54, batches ['13blue,8green', '15blue,3red,7green', '8green,1blue', '8blue,3red,6green', '3red,1green,12blue', '9green,3red,2blue']
colors ['2red', '1blue', '2green']
colors ['4blue', '3green', '1red']
colors ['4red', '7green', '4blue']
colors ['7green', '3red', '1blue']
colors ['2blue', '4green', '1red']
colors ['5blue', '1red', '4green']
game_id 55, batches ['2red,1blue,2green', '4blue,3green,1red', '4red,7green,4blue', '7green,3red,1blue', '2blue,4green,1red', '5blue,1red,4green']
colors ['14green', '1blue', '4red']
colors ['3red', '1blue']
colors ['10red', '8blue']
colors ['8red', '7blue', '3green']
colors ['3green', '12blue', '4red']
colors ['7red', '2green']
game_id 56, batches ['14green,1blue,4red', '3red,1blue', '10red,8blue', '8red,7blue,3green', '3green,12blue,4red', '7red,2green']
colors ['7blue', '8green', '6red']
colors ['7green', '5blue', '3red']
colors ['2red', '8blue', '9green']
game_id 57, batches ['7blue,8green,6red', '7green,5blue,3red', '2red,8blue,9green']
colors ['7green', '8red', '3blue']
colors ['7red', '5blue', '9green']
colors ['4blue', '3red', '9green']
colors ['1green']
colors ['5green', '2blue']
colors ['5blue', '7green', '2red']
game_id 58, batches ['7green,8red,3blue', '7red,5blue,9green', '4blue,3red,9green', '1green', '5green,2blue', '5blue,7green,2red']
colors ['2blue', '10green']
colors ['8blue', '10red', '1green']
colors ['1red', '10blue', '7green']
colors ['2red', '7blue', '1green']
colors ['5green', '3blue']
game_id 59, batches ['2blue,10green', '8blue,10red,1green', '1red,10blue,7green', '2red,7blue,1green', '5green,3blue']
colors ['1green', '2blue']
colors ['5red', '2green', '2blue']
colors ['2green', '3red']
game_id 60, batches ['1green,2blue', '5red,2green,2blue', '2green,3red']
colors ['3green', '2red']
colors ['10green', '7red', '2blue']
colors ['8green', '2blue']
colors ['5green', '3red', '1blue']
colors ['12green', '1red']
colors ['1blue', '13green', '6red']
game_id 61, batches ['3green,2red', '10green,7red,2blue', '8green,2blue', '5green,3red,1blue', '12green,1red', '1blue,13green,6red']
colors ['11green', '2red']
colors ['3blue', '3red']
colors ['2blue', '1red', '10green']
colors ['11green', '3blue']
game_id 62, batches ['11green,2red', '3blue,3red', '2blue,1red,10green', '11green,3blue']
colors ['7blue']
colors ['7red', '1green', '8blue']
colors ['5red', '14blue', '1green']
game_id 63, batches ['7blue', '7red,1green,8blue', '5red,14blue,1green']
colors ['2green', '12blue', '1red']
colors ['18blue', '10red']
colors ['9blue', '2green', '13red']
colors ['1red', '1green', '15blue']
game_id 64, batches ['2green,12blue,1red', '18blue,10red', '9blue,2green,13red', '1red,1green,15blue']
colors ['6blue', '8red', '8green']
colors ['2green', '9red', '9blue']
colors ['3green', '9red', '1blue']
colors ['10red', '4blue', '2green']
colors ['7blue', '5red', '5green']
game_id 65, batches ['6blue,8red,8green', '2green,9red,9blue', '3green,9red,1blue', '10red,4blue,2green', '7blue,5red,5green']
colors ['14red', '3green', '9blue']
colors ['3blue', '7green', '12red']
colors ['5red', '8green', '1blue']
colors ['12red', '5green', '4blue']
colors ['5green', '14blue']
game_id 66, batches ['14red,3green,9blue', '3blue,7green,12red', '5red,8green,1blue', '12red,5green,4blue', '5green,14blue']
colors ['1blue', '9red', '7green']
colors ['12red', '9green', '1blue']
colors ['13red', '4green', '2blue']
colors ['1red', '1blue', '5green']
colors ['10red', '2blue']
game_id 67, batches ['1blue,9red,7green', '12red,9green,1blue', '13red,4green,2blue', '1red,1blue,5green', '10red,2blue']
colors ['12green', '2red']
colors ['1red', '4green', '7blue']
colors ['3red', '4blue', '14green']
colors ['6blue', '6green']
colors ['7blue', '4green', '3red']
game_id 68, batches ['12green,2red', '1red,4green,7blue', '3red,4blue,14green', '6blue,6green', '7blue,4green,3red']
colors ['2green', '17blue', '9red']
colors ['6blue', '3green', '4red']
colors ['11blue', '4red', '6green']
game_id 69, batches ['2green,17blue,9red', '6blue,3green,4red', '11blue,4red,6green']
colors ['11blue', '10red', '12green']
colors ['9red', '10blue', '5green']
colors ['2red', '3green', '9blue']
colors ['5green', '6blue', '6red']
colors ['12green', '8red', '10blue']
game_id 70, batches ['11blue,10red,12green', '9red,10blue,5green', '2red,3green,9blue', '5green,6blue,6red', '12green,8red,10blue']
colors ['7blue', '3red']
colors ['1green', '11blue', '1red']
colors ['1red', '5blue', '1green']
game_id 71, batches ['7blue,3red', '1green,11blue,1red', '1red,5blue,1green']
colors ['9red', '7blue']
colors ['1green', '6blue']
colors ['15red', '6blue']
colors ['5red', '4blue']
colors ['4blue', '4red', '1green']
game_id 72, batches ['9red,7blue', '1green,6blue', '15red,6blue', '5red,4blue', '4blue,4red,1green']
colors ['10green', '4red']
colors ['1green', '5red']
colors ['3red', '1green']
colors ['1blue', '9green', '6red']
game_id 73, batches ['10green,4red', '1green,5red', '3red,1green', '1blue,9green,6red']
colors ['6red', '3blue', '8green']
colors ['5green', '9red', '1blue']
colors ['1blue', '1green', '2red']
game_id 74, batches ['6red,3blue,8green', '5green,9red,1blue', '1blue,1green,2red']
colors ['2blue', '3green']
colors ['3blue', '7green', '1red']
colors ['6green', '1red']
colors ['5green', '1blue']
colors ['7green', '3blue']
game_id 75, batches ['2blue,3green', '3blue,7green,1red', '6green,1red', '5green,1blue', '7green,3blue']
colors ['4red', '2blue']
colors ['1green', '7red']
colors ['2blue', '3red']
colors ['1green', '1red', '1blue']
colors ['4red', '1green']
game_id 76, batches ['4red,2blue', '1green,7red', '2blue,3red', '1green,1red,1blue', '4red,1green']
colors ['18green', '19red', '11blue']
colors ['1blue', '18red']
colors ['5blue', '10red', '16green']
game_id 77, batches ['18green,19red,11blue', '1blue,18red', '5blue,10red,16green']
colors ['3red', '8blue', '1green']
colors ['2red', '3blue']
colors ['1green', '6red', '12blue']
game_id 78, batches ['3red,8blue,1green', '2red,3blue', '1green,6red,12blue']
colors ['5red', '4green', '9blue']
colors ['3blue']
colors ['4red', '5green', '2blue']
colors ['7blue', '5green', '8red']
colors ['5red', '6green']
colors ['7blue', '5green']
game_id 79, batches ['5red,4green,9blue', '3blue', '4red,5green,2blue', '7blue,5green,8red', '5red,6green', '7blue,5green']
colors ['8green', '11red', '3blue']
colors ['15red', '4blue', '8green']
colors ['6green', '14red']
game_id 80, batches ['8green,11red,3blue', '15red,4blue,8green', '6green,14red']
colors ['11green', '5red']
colors ['7green', '14blue', '4red']
colors ['7red', '8blue', '2green']
colors ['10red', '3green', '18blue']
colors ['3red', '1green']
game_id 81, batches ['11green,5red', '7green,14blue,4red', '7red,8blue,2green', '10red,3green,18blue', '3red,1green']
colors ['2blue', '5red']
colors ['3green', '5red', '7blue']
colors ['3green', '4blue', '2red']
colors ['10blue', '2green', '2red']
colors ['8blue', '2red']
colors ['3green', '3red', '7blue']
game_id 82, batches ['2blue,5red', '3green,5red,7blue', '3green,4blue,2red', '10blue,2green,2red', '8blue,2red', '3green,3red,7blue']
colors ['7red', '12green', '1blue']
colors ['5blue', '17green', '5red']
colors ['9red', '3blue']
colors ['2blue', '1red', '20green']
colors ['5red', '6blue']
colors ['2blue', '3red', '11green']
game_id 83, batches ['7red,12green,1blue', '5blue,17green,5red', '9red,3blue', '2blue,1red,20green', '5red,6blue', '2blue,3red,11green']
colors ['1blue', '7red', '6green']
colors ['6red', '8green', '10blue']
colors ['8green', '1blue', '6red']
colors ['8red', '4blue', '6green']
colors ['3red', '12blue', '8green']
colors ['3red', '2blue', '7green']
game_id 84, batches ['1blue,7red,6green', '6red,8green,10blue', '8green,1blue,6red', '8red,4blue,6green', '3red,12blue,8green', '3red,2blue,7green']
colors ['1blue', '1green', '8red']
colors ['9blue', '9green', '2red']
colors ['10green', '12red', '7blue']
colors ['7green', '2blue', '7red']
colors ['7red', '3green']
colors ['11red', '9blue', '5green']
game_id 85, batches ['1blue,1green,8red', '9blue,9green,2red', '10green,12red,7blue', '7green,2blue,7red', '7red,3green', '11red,9blue,5green']
colors ['4blue', '8red']
colors ['4red', '3green']
colors ['7blue', '12red', '4green']
colors ['4green', '8blue', '3red']
game_id 86, batches ['4blue,8red', '4red,3green', '7blue,12red,4green', '4green,8blue,3red']
colors ['6blue', '19green', '5red']
colors ['20green', '5red', '5blue']
colors ['8red', '3blue', '9green']
colors ['11blue', '7green', '7red']
colors ['17green', '11blue']
game_id 87, batches ['6blue,19green,5red', '20green,5red,5blue', '8red,3blue,9green', '11blue,7green,7red', '17green,11blue']
colors ['1green', '2red', '5blue']
colors ['2blue', '11green']
colors ['3red', '3blue', '6green']
colors ['4blue', '2green', '1red']
colors ['8green', '4blue']
game_id 88, batches ['1green,2red,5blue', '2blue,11green', '3red,3blue,6green', '4blue,2green,1red', '8green,4blue']
colors ['19red', '15green', '10blue']
colors ['17green', '1red', '4blue']
colors ['13green', '10blue', '15red']
game_id 89, batches ['19red,15green,10blue', '17green,1red,4blue', '13green,10blue,15red']
colors ['3blue', '1red']
colors ['4blue', '1red', '1green']
colors ['4green', '3red']
colors ['4red', '4green', '5blue']
colors ['2green', '3blue']
colors ['4red', '2green', '4blue']
game_id 90, batches ['3blue,1red', '4blue,1red,1green', '4green,3red', '4red,4green,5blue', '2green,3blue', '4red,2green,4blue']
colors ['8red', '4blue', '16green']
colors ['17green', '5blue', '4red']
colors ['10green', '6red']
colors ['11red', '7blue']
colors ['14blue', '4red']
game_id 91, batches ['8red,4blue,16green', '17green,5blue,4red', '10green,6red', '11red,7blue', '14blue,4red']
colors ['1green', '3red', '1blue']
colors ['2blue', '2green', '5red']
colors ['2blue', '8red']
colors ['1blue', '2green', '14red']
colors ['3red']
colors ['1blue', '9red']
game_id 92, batches ['1green,3red,1blue', '2blue,2green,5red', '2blue,8red', '1blue,2green,14red', '3red', '1blue,9red']
colors ['11blue', '7red', '8green']
colors ['8red', '6blue', '5green']
colors ['4blue', '4green', '6red']
game_id 93, batches ['11blue,7red,8green', '8red,6blue,5green', '4blue,4green,6red']
colors ['2green', '1blue']
colors ['5green', '5red', '4blue']
colors ['7green', '2blue']
colors ['5red', '1green', '3blue']
colors ['2blue', '1green', '5red']
colors ['1red', '3blue', '5green']
game_id 94, batches ['2green,1blue', '5green,5red,4blue', '7green,2blue', '5red,1green,3blue', '2blue,1green,5red', '1red,3blue,5green']
colors ['3red']
colors ['7green', '4red', '7blue']
colors ['5red', '5blue']
game_id 95, batches ['3red', '7green,4red,7blue', '5red,5blue']
colors ['3red', '5blue', '1green']
colors ['3blue', '14red', '2green']
colors ['7blue', '3red', '2green']
colors ['15red', '5blue']
game_id 96, batches ['3red,5blue,1green', '3blue,14red,2green', '7blue,3red,2green', '15red,5blue']
colors ['17red', '8green', '6blue']
colors ['8blue', '9green']
colors ['4green', '18red']
game_id 97, batches ['17red,8green,6blue', '8blue,9green', '4green,18red']
colors ['9blue', '2green']
colors ['4red', '6blue', '3green']
colors ['2red']
colors ['14red', '12blue']
game_id 98, batches ['9blue,2green', '4red,6blue,3green', '2red', '14red,12blue']
colors ['4red', '3green', '3blue']
colors ['2red', '2blue']
colors ['7green', '3blue']
colors ['5red', '2green']
game_id 99, batches ['4red,3green,3blue', '2red,2blue', '7green,3blue', '5red,2green']
colors ['5green', '7red', '4blue']
colors ['11green', '9red', '8blue']
colors ['2blue', '12green']
game_id 100, batches ['5green,7red,4blue', '11green,9red,8blue', '2blue,12green']
sum(output) 72970
