row 0
line_groups [{'num': 172, 'start': 2, 'end': 4}, {'num': 454, 'start': 35, 'end': 37}, {'num': 46, 'start': 40, 'end': 41}, {'num': 507, 'start': 49, 'end': 51}, {'num': 809, 'start': 62, 'end': 64}, {'num': 923, 'start': 71, 'end': 73}, {'num': 778, 'start': 75, 'end': 77}, {'num': 793, 'start': 96, 'end': 98}, {'num': 137, 'start': 113, 'end': 115}, {'num': 238, 'start': 129, 'end': 131}]
row 1
line_groups [{'num': 712, 'start': 22, 'end': 24}, {'num': 515, 'start': 58, 'end': 60}, {'num': 690, 'start': 82, 'end': 84}, {'num': 658, 'start': 107, 'end': 109}]
row 2
line_groups [{'num': 823, 'start': 9, 'end': 11}, {'num': 835, 'start': 13, 'end': 15}, {'num': 710, 'start': 34, 'end': 36}, {'num': 749, 'start': 42, 'end': 44}, {'num': 134, 'start': 53, 'end': 55}, {'num': 812, 'start': 88, 'end': 90}, {'num': 925, 'start': 100, 'end': 102}, {'num': 276, 'start': 117, 'end': 119}, {'num': 386, 'start': 127, 'end': 129}]
row 3
line_groups [{'num': 519, 'start': 0, 'end': 2}, {'num': 13, 'start': 21, 'end': 22}, {'num': 341, 'start': 29, 'end': 31}, {'num': 481, 'start': 49, 'end': 51}, {'num': 211, 'start': 83, 'end': 85}, {'num': 92, 'start': 93, 'end': 94}]
row 4
line_groups [{'num': 832, 'start': 12, 'end': 14}, {'num': 105, 'start': 16, 'end': 18}, {'num': 797, 'start': 59, 'end': 61}, {'num': 535, 'start': 67, 'end': 69}, {'num': 932, 'start': 72, 'end': 74}, {'num': 152, 'start': 89, 'end': 91}, {'num': 123, 'start': 103, 'end': 105}, {'num': 678, 'start': 115, 'end': 117}, {'num': 540, 'start': 119, 'end': 121}, {'num': 6, 'start': 137, 'end': 137}]
row 5
line_groups [{'num': 948, 'start': 7, 'end': 9}, {'num': 271, 'start': 36, 'end': 38}, {'num': 228, 'start': 48, 'end': 50}, {'num': 79, 'start': 53, 'end': 54}, {'num': 26, 'start': 56, 'end': 57}, {'num': 733, 'start': 83, 'end': 85}, {'num': 715, 'start': 93, 'end': 95}, {'num': 27, 'start': 108, 'end': 109}, {'num': 586, 'start': 111, 'end': 113}, {'num': 883, 'start': 130, 'end': 132}]
row 6
line_groups [{'num': 172, 'start': 2, 'end': 4}, {'num': 88, 'start': 29, 'end': 30}, {'num': 340, 'start': 41, 'end': 43}, {'num': 55, 'start': 45, 'end': 46}, {'num': 465, 'start': 66, 'end': 68}, {'num': 398, 'start': 71, 'end': 73}, {'num': 585, 'start': 99, 'end': 101}, {'num': 812, 'start': 115, 'end': 117}, {'num': 347, 'start': 121, 'end': 123}]
row 7
line_groups [{'num': 374, 'start': 11, 'end': 13}, {'num': 462, 'start': 15, 'end': 17}, {'num': 166, 'start': 25, 'end': 27}, {'num': 786, 'start': 58, 'end': 60}, {'num': 910, 'start': 75, 'end': 77}, {'num': 675, 'start': 80, 'end': 82}, {'num': 149, 'start': 106, 'end': 108}, {'num': 653, 'start': 125, 'end': 127}, {'num': 80, 'start': 134, 'end': 135}]
row 8
line_groups [{'num': 680, 'start': 20, 'end': 22}, {'num': 876, 'start': 35, 'end': 37}, {'num': 864, 'start': 47, 'end': 49}, {'num': 259, 'start': 68, 'end': 70}, {'num': 124, 'start': 88, 'end': 90}, {'num': 169, 'start': 92, 'end': 94}, {'num': 799, 'start': 99, 'end': 101}, {'num': 608, 'start': 114, 'end': 116}, {'num': 98, 'start': 129, 'end': 130}, {'num': 951, 'start': 137, 'end': 139}]
row 9
line_groups [{'num': 615, 'start': 4, 'end': 6}, {'num': 151, 'start': 25, 'end': 27}, {'num': 802, 'start': 43, 'end': 45}, {'num': 680, 'start': 62, 'end': 64}, {'num': 857, 'start': 105, 'end': 107}, {'num': 901, 'start': 118, 'end': 120}]
row 10
line_groups [{'num': 3, 'start': 14, 'end': 14}, {'num': 637, 'start': 32, 'end': 34}, {'num': 493, 'start': 37, 'end': 39}, {'num': 926, 'start': 51, 'end': 53}, {'num': 636, 'start': 58, 'end': 60}, {'num': 350, 'start': 69, 'end': 71}, {'num': 881, 'start': 80, 'end': 82}, {'num': 699, 'start': 92, 'end': 94}, {'num': 886, 'start': 101, 'end': 103}, {'num': 458, 'start': 109, 'end': 111}, {'num': 474, 'start': 126, 'end': 128}, {'num': 409, 'start': 130, 'end': 132}, {'num': 246, 'start': 136, 'end': 138}]
row 11
line_groups [{'num': 336, 'start': 7, 'end': 9}, {'num': 922, 'start': 16, 'end': 18}, {'num': 370, 'start': 42, 'end': 44}, {'num': 581, 'start': 62, 'end': 64}, {'num': 335, 'start': 75, 'end': 77}, {'num': 608, 'start': 87, 'end': 89}, {'num': 11, 'start': 96, 'end': 97}, {'num': 928, 'start': 121, 'end': 123}]
row 12
line_groups [{'num': 50, 'start': 3, 'end': 4}, {'num': 978, 'start': 29, 'end': 31}, {'num': 453, 'start': 35, 'end': 37}, {'num': 22, 'start': 54, 'end': 55}, {'num': 298, 'start': 66, 'end': 68}, {'num': 711, 'start': 80, 'end': 82}, {'num': 794, 'start': 92, 'end': 94}, {'num': 267, 'start': 102, 'end': 104}, {'num': 44, 'start': 117, 'end': 118}, {'num': 460, 'start': 127, 'end': 129}]
row 13
line_groups [{'num': 534, 'start': 44, 'end': 46}, {'num': 797, 'start': 49, 'end': 51}, {'num': 61, 'start': 70, 'end': 71}, {'num': 272, 'start': 76, 'end': 78}, {'num': 874, 'start': 85, 'end': 87}, {'num': 892, 'start': 98, 'end': 100}, {'num': 707, 'start': 106, 'end': 108}, {'num': 230, 'start': 122, 'end': 124}, {'num': 72, 'start': 132, 'end': 133}, {'num': 537, 'start': 135, 'end': 137}]
row 14
line_groups [{'num': 405, 'start': 20, 'end': 22}, {'num': 309, 'start': 35, 'end': 37}, {'num': 221, 'start': 64, 'end': 66}, {'num': 872, 'start': 92, 'end': 94}, {'num': 75, 'start': 103, 'end': 104}, {'num': 237, 'start': 114, 'end': 116}]
row 15
line_groups [{'num': 208, 'start': 2, 'end': 4}, {'num': 176, 'start': 6, 'end': 8}, {'num': 239, 'start': 11, 'end': 13}, {'num': 172, 'start': 24, 'end': 26}, {'num': 795, 'start': 40, 'end': 42}, {'num': 670, 'start': 56, 'end': 58}, {'num': 9, 'start': 69, 'end': 69}, {'num': 504, 'start': 72, 'end': 74}, {'num': 717, 'start': 83, 'end': 85}, {'num': 641, 'start': 88, 'end': 90}, {'num': 908, 'start': 99, 'end': 101}, {'num': 975, 'start': 107, 'end': 109}, {'num': 130, 'start': 122, 'end': 124}]
row 16
line_groups [{'num': 711, 'start': 18, 'end': 20}, {'num': 54, 'start': 45, 'end': 46}, {'num': 494, 'start': 52, 'end': 54}, {'num': 333, 'start': 61, 'end': 63}, {'num': 882, 'start': 65, 'end': 67}, {'num': 282, 'start': 79, 'end': 81}, {'num': 927, 'start': 94, 'end': 96}, {'num': 555, 'start': 112, 'end': 114}, {'num': 983, 'start': 117, 'end': 119}, {'num': 479, 'start': 132, 'end': 134}]
row 17
line_groups [{'num': 915, 'start': 1, 'end': 3}, {'num': 670, 'start': 10, 'end': 12}, {'num': 524, 'start': 14, 'end': 16}, {'num': 866, 'start': 33, 'end': 35}, {'num': 862, 'start': 39, 'end': 41}, {'num': 72, 'start': 98, 'end': 99}, {'num': 901, 'start': 101, 'end': 103}, {'num': 995, 'start': 122, 'end': 124}]
row 18
line_groups [{'num': 71, 'start': 20, 'end': 21}, {'num': 33, 'start': 54, 'end': 55}, {'num': 350, 'start': 57, 'end': 59}, {'num': 796, 'start': 61, 'end': 63}, {'num': 612, 'start': 69, 'end': 71}, {'num': 463, 'start': 88, 'end': 90}, {'num': 399, 'start': 106, 'end': 108}, {'num': 309, 'start': 129, 'end': 131}]
row 19
line_groups [{'num': 8, 'start': 4, 'end': 4}, {'num': 951, 'start': 7, 'end': 9}, {'num': 886, 'start': 11, 'end': 13}, {'num': 41, 'start': 27, 'end': 28}, {'num': 606, 'start': 36, 'end': 38}, {'num': 680, 'start': 40, 'end': 42}, {'num': 787, 'start': 46, 'end': 48}, {'num': 605, 'start': 65, 'end': 67}, {'num': 892, 'start': 74, 'end': 76}, {'num': 219, 'start': 84, 'end': 86}, {'num': 972, 'start': 97, 'end': 99}, {'num': 846, 'start': 102, 'end': 104}, {'num': 377, 'start': 114, 'end': 116}, {'num': 644, 'start': 121, 'end': 123}]
row 20
line_groups [{'num': 718, 'start': 30, 'end': 32}, {'num': 355, 'start': 57, 'end': 59}, {'num': 688, 'start': 61, 'end': 63}, {'num': 145, 'start': 78, 'end': 80}, {'num': 576, 'start': 108, 'end': 110}]
row 21
line_groups [{'num': 867, 'start': 10, 'end': 12}, {'num': 974, 'start': 40, 'end': 42}, {'num': 148, 'start': 46, 'end': 48}, {'num': 87, 'start': 75, 'end': 76}, {'num': 500, 'start': 87, 'end': 89}, {'num': 534, 'start': 94, 'end': 96}, {'num': 986, 'start': 99, 'end': 101}, {'num': 269, 'start': 104, 'end': 106}, {'num': 576, 'start': 116, 'end': 118}, {'num': 302, 'start': 123, 'end': 125}]
row 22
line_groups [{'num': 504, 'start': 15, 'end': 17}, {'num': 652, 'start': 34, 'end': 36}, {'num': 104, 'start': 62, 'end': 64}, {'num': 502, 'start': 70, 'end': 72}, {'num': 691, 'start': 111, 'end': 113}, {'num': 423, 'start': 127, 'end': 129}, {'num': 706, 'start': 132, 'end': 134}, {'num': 402, 'start': 137, 'end': 139}]
row 23
line_groups [{'num': 286, 'start': 1, 'end': 3}, {'num': 218, 'start': 6, 'end': 8}, {'num': 882, 'start': 10, 'end': 12}, {'num': 579, 'start': 26, 'end': 28}, {'num': 320, 'start': 51, 'end': 53}, {'num': 48, 'start': 74, 'end': 75}, {'num': 393, 'start': 77, 'end': 79}, {'num': 202, 'start': 85, 'end': 87}, {'num': 758, 'start': 94, 'end': 96}, {'num': 242, 'start': 102, 'end': 104}, {'num': 951, 'start': 107, 'end': 109}]
row 24
line_groups [{'num': 943, 'start': 19, 'end': 21}, {'num': 928, 'start': 35, 'end': 37}, {'num': 310, 'start': 57, 'end': 59}, {'num': 295, 'start': 113, 'end': 115}, {'num': 133, 'start': 117, 'end': 119}]
row 25
line_groups [{'num': 698, 'start': 2, 'end': 4}, {'num': 331, 'start': 8, 'end': 10}, {'num': 859, 'start': 14, 'end': 16}, {'num': 91, 'start': 24, 'end': 25}, {'num': 815, 'start': 40, 'end': 42}, {'num': 822, 'start': 47, 'end': 49}, {'num': 39, 'start': 64, 'end': 65}, {'num': 833, 'start': 76, 'end': 78}, {'num': 749, 'start': 83, 'end': 85}, {'num': 591, 'start': 89, 'end': 91}, {'num': 455, 'start': 103, 'end': 105}, {'num': 30, 'start': 122, 'end': 123}]
row 26
line_groups [{'num': 117, 'start': 56, 'end': 58}, {'num': 727, 'start': 96, 'end': 98}, {'num': 256, 'start': 107, 'end': 109}, {'num': 439, 'start': 111, 'end': 113}, {'num': 19, 'start': 117, 'end': 118}, {'num': 478, 'start': 126, 'end': 128}]
row 27
line_groups [{'num': 67, 'start': 6, 'end': 7}, {'num': 595, 'start': 9, 'end': 11}, {'num': 599, 'start': 15, 'end': 17}, {'num': 442, 'start': 27, 'end': 29}, {'num': 997, 'start': 33, 'end': 35}, {'num': 187, 'start': 38, 'end': 40}, {'num': 596, 'start': 60, 'end': 62}, {'num': 276, 'start': 65, 'end': 67}, {'num': 141, 'start': 70, 'end': 72}, {'num': 597, 'start': 74, 'end': 76}, {'num': 792, 'start': 78, 'end': 80}, {'num': 780, 'start': 84, 'end': 86}]
row 28
line_groups [{'num': 266, 'start': 0, 'end': 2}, {'num': 713, 'start': 20, 'end': 22}, {'num': 783, 'start': 44, 'end': 46}, {'num': 564, 'start': 50, 'end': 52}, {'num': 839, 'start': 95, 'end': 97}, {'num': 255, 'start': 104, 'end': 106}, {'num': 636, 'start': 120, 'end': 122}, {'num': 749, 'start': 129, 'end': 131}]
row 29
line_groups [{'num': 963, 'start': 27, 'end': 29}, {'num': 926, 'start': 31, 'end': 33}, {'num': 39, 'start': 35, 'end': 36}, {'num': 274, 'start': 54, 'end': 56}, {'num': 228, 'start': 60, 'end': 62}, {'num': 812, 'start': 73, 'end': 75}, {'num': 487, 'start': 85, 'end': 87}, {'num': 24, 'start': 90, 'end': 91}, {'num': 348, 'start': 135, 'end': 137}]
row 30
line_groups [{'num': 618, 'start': 3, 'end': 5}, {'num': 364, 'start': 9, 'end': 11}, {'num': 936, 'start': 13, 'end': 15}, {'num': 708, 'start': 21, 'end': 23}, {'num': 63, 'start': 40, 'end': 41}, {'num': 212, 'start': 68, 'end': 70}, {'num': 191, 'start': 78, 'end': 80}, {'num': 798, 'start': 95, 'end': 97}, {'num': 591, 'start': 119, 'end': 121}, {'num': 906, 'start': 124, 'end': 126}]
row 31
line_groups [{'num': 591, 'start': 29, 'end': 31}, {'num': 127, 'start': 35, 'end': 37}, {'num': 491, 'start': 45, 'end': 47}, {'num': 141, 'start': 51, 'end': 53}, {'num': 339, 'start': 85, 'end': 87}, {'num': 483, 'start': 90, 'end': 92}, {'num': 204, 'start': 101, 'end': 103}, {'num': 871, 'start': 111, 'end': 113}, {'num': 465, 'start': 115, 'end': 117}]
row 32
line_groups [{'num': 890, 'start': 4, 'end': 6}, {'num': 997, 'start': 25, 'end': 27}, {'num': 723, 'start': 41, 'end': 43}, {'num': 675, 'start': 55, 'end': 57}, {'num': 465, 'start': 60, 'end': 62}, {'num': 372, 'start': 77, 'end': 79}, {'num': 875, 'start': 81, 'end': 83}, {'num': 534, 'start': 105, 'end': 107}, {'num': 209, 'start': 121, 'end': 123}, {'num': 648, 'start': 137, 'end': 139}]
row 33
line_groups [{'num': 139, 'start': 31, 'end': 33}, {'num': 273, 'start': 45, 'end': 47}, {'num': 7, 'start': 69, 'end': 69}, {'num': 854, 'start': 90, 'end': 92}, {'num': 920, 'start': 94, 'end': 96}, {'num': 968, 'start': 100, 'end': 102}, {'num': 384, 'start': 114, 'end': 116}, {'num': 830, 'start': 131, 'end': 133}]
row 34
line_groups [{'num': 632, 'start': 7, 'end': 9}, {'num': 273, 'start': 13, 'end': 15}, {'num': 132, 'start': 23, 'end': 25}, {'num': 793, 'start': 35, 'end': 37}, {'num': 207, 'start': 63, 'end': 65}, {'num': 952, 'start': 76, 'end': 78}, {'num': 66, 'start': 86, 'end': 87}]
row 35
line_groups [{'num': 162, 'start': 39, 'end': 41}, {'num': 35, 'start': 60, 'end': 61}, {'num': 22, 'start': 81, 'end': 82}, {'num': 234, 'start': 90, 'end': 92}, {'num': 468, 'start': 103, 'end': 105}, {'num': 750, 'start': 127, 'end': 129}]
row 36
line_groups [{'num': 15, 'start': 5, 'end': 6}, {'num': 161, 'start': 10, 'end': 12}, {'num': 93, 'start': 34, 'end': 35}, {'num': 818, 'start': 44, 'end': 46}, {'num': 580, 'start': 50, 'end': 52}, {'num': 449, 'start': 63, 'end': 65}, {'num': 125, 'start': 85, 'end': 87}, {'num': 129, 'start': 99, 'end': 101}, {'num': 723, 'start': 123, 'end': 125}, {'num': 365, 'start': 132, 'end': 134}]
row 37
line_groups [{'num': 678, 'start': 18, 'end': 20}, {'num': 21, 'start': 31, 'end': 32}, {'num': 547, 'start': 58, 'end': 60}, {'num': 701, 'start': 78, 'end': 80}, {'num': 845, 'start': 107, 'end': 109}]
row 38
line_groups [{'num': 743, 'start': 0, 'end': 2}, {'num': 634, 'start': 11, 'end': 13}, {'num': 679, 'start': 67, 'end': 69}, {'num': 176, 'start': 82, 'end': 84}, {'num': 979, 'start': 91, 'end': 93}, {'num': 928, 'start': 114, 'end': 116}, {'num': 848, 'start': 127, 'end': 129}]
row 39
line_groups [{'num': 107, 'start': 15, 'end': 17}, {'num': 296, 'start': 22, 'end': 24}, {'num': 845, 'start': 29, 'end': 31}, {'num': 69, 'start': 76, 'end': 77}, {'num': 442, 'start': 95, 'end': 97}, {'num': 960, 'start': 107, 'end': 109}, {'num': 311, 'start': 122, 'end': 124}]
row 40
line_groups [{'num': 519, 'start': 38, 'end': 40}, {'num': 58, 'start': 46, 'end': 47}, {'num': 248, 'start': 62, 'end': 64}, {'num': 582, 'start': 72, 'end': 74}, {'num': 403, 'start': 84, 'end': 86}, {'num': 929, 'start': 103, 'end': 105}, {'num': 486, 'start': 127, 'end': 129}, {'num': 151, 'start': 137, 'end': 139}]
row 41
line_groups [{'num': 390, 'start': 5, 'end': 7}, {'num': 396, 'start': 12, 'end': 14}, {'num': 279, 'start': 24, 'end': 26}, {'num': 718, 'start': 34, 'end': 36}, {'num': 449, 'start': 49, 'end': 51}, {'num': 794, 'start': 57, 'end': 59}, {'num': 251, 'start': 91, 'end': 93}, {'num': 980, 'start': 97, 'end': 99}, {'num': 328, 'start': 114, 'end': 116}, {'num': 476, 'start': 119, 'end': 121}]
row 42
line_groups [{'num': 292, 'start': 64, 'end': 66}, {'num': 188, 'start': 76, 'end': 78}, {'num': 112, 'start': 85, 'end': 87}, {'num': 315, 'start': 101, 'end': 103}, {'num': 529, 'start': 109, 'end': 111}]
row 43
line_groups [{'num': 713, 'start': 0, 'end': 2}, {'num': 860, 'start': 13, 'end': 15}, {'num': 114, 'start': 22, 'end': 24}, {'num': 743, 'start': 26, 'end': 28}, {'num': 368, 'start': 37, 'end': 39}, {'num': 776, 'start': 41, 'end': 43}, {'num': 195, 'start': 47, 'end': 49}, {'num': 850, 'start': 59, 'end': 61}, {'num': 943, 'start': 80, 'end': 82}, {'num': 543, 'start': 95, 'end': 97}, {'num': 483, 'start': 117, 'end': 119}, {'num': 625, 'start': 121, 'end': 123}]
row 44
line_groups [{'num': 889, 'start': 6, 'end': 8}, {'num': 916, 'start': 53, 'end': 55}, {'num': 201, 'start': 69, 'end': 71}, {'num': 426, 'start': 100, 'end': 102}, {'num': 627, 'start': 108, 'end': 110}, {'num': 284, 'start': 125, 'end': 127}]
row 45
line_groups [{'num': 452, 'start': 1, 'end': 3}, {'num': 579, 'start': 15, 'end': 17}, {'num': 786, 'start': 29, 'end': 31}, {'num': 961, 'start': 33, 'end': 35}, {'num': 15, 'start': 37, 'end': 38}, {'num': 488, 'start': 46, 'end': 48}, {'num': 373, 'start': 57, 'end': 59}, {'num': 830, 'start': 65, 'end': 67}, {'num': 947, 'start': 75, 'end': 77}, {'num': 645, 'start': 79, 'end': 81}, {'num': 189, 'start': 83, 'end': 85}, {'num': 367, 'start': 94, 'end': 96}, {'num': 551, 'start': 120, 'end': 122}]
row 46
line_groups [{'num': 99, 'start': 10, 'end': 11}, {'num': 388, 'start': 21, 'end': 23}, {'num': 793, 'start': 25, 'end': 27}, {'num': 578, 'start': 40, 'end': 42}, {'num': 497, 'start': 88, 'end': 90}, {'num': 221, 'start': 101, 'end': 103}, {'num': 720, 'start': 106, 'end': 108}, {'num': 885, 'start': 112, 'end': 114}, {'num': 588, 'start': 124, 'end': 126}, {'num': 692, 'start': 131, 'end': 133}]
row 47
line_groups [{'num': 903, 'start': 29, 'end': 31}, {'num': 81, 'start': 34, 'end': 35}, {'num': 615, 'start': 67, 'end': 69}, {'num': 202, 'start': 75, 'end': 77}, {'num': 355, 'start': 81, 'end': 83}, {'num': 997, 'start': 92, 'end': 94}]
row 48
line_groups [{'num': 780, 'start': 11, 'end': 13}, {'num': 259, 'start': 20, 'end': 22}, {'num': 439, 'start': 24, 'end': 26}, {'num': 483, 'start': 44, 'end': 46}, {'num': 596, 'start': 51, 'end': 53}, {'num': 490, 'start': 57, 'end': 59}, {'num': 415, 'start': 62, 'end': 64}, {'num': 683, 'start': 107, 'end': 109}, {'num': 371, 'start': 119, 'end': 121}, {'num': 644, 'start': 126, 'end': 128}, {'num': 964, 'start': 131, 'end': 133}]
row 49
line_groups [{'num': 796, 'start': 7, 'end': 9}, {'num': 161, 'start': 16, 'end': 18}, {'num': 884, 'start': 30, 'end': 32}, {'num': 458, 'start': 69, 'end': 71}, {'num': 247, 'start': 73, 'end': 75}, {'num': 500, 'start': 77, 'end': 79}, {'num': 145, 'start': 88, 'end': 90}, {'num': 895, 'start': 92, 'end': 94}, {'num': 62, 'start': 96, 'end': 97}, {'num': 742, 'start': 99, 'end': 101}, {'num': 267, 'start': 103, 'end': 105}, {'num': 16, 'start': 116, 'end': 117}]
row 50
line_groups [{'num': 998, 'start': 23, 'end': 25}, {'num': 173, 'start': 37, 'end': 39}, {'num': 511, 'start': 42, 'end': 44}, {'num': 552, 'start': 57, 'end': 59}, {'num': 847, 'start': 61, 'end': 63}, {'num': 651, 'start': 84, 'end': 86}, {'num': 108, 'start': 110, 'end': 112}, {'num': 975, 'start': 137, 'end': 139}]
row 51
line_groups [{'num': 444, 'start': 1, 'end': 3}, {'num': 560, 'start': 9, 'end': 11}, {'num': 297, 'start': 13, 'end': 15}, {'num': 149, 'start': 19, 'end': 21}, {'num': 173, 'start': 68, 'end': 70}, {'num': 365, 'start': 90, 'end': 92}, {'num': 986, 'start': 105, 'end': 107}, {'num': 271, 'start': 122, 'end': 124}, {'num': 182, 'start': 128, 'end': 130}, {'num': 26, 'start': 134, 'end': 135}]
row 52
line_groups [{'num': 84, 'start': 5, 'end': 6}, {'num': 471, 'start': 37, 'end': 39}, {'num': 696, 'start': 41, 'end': 43}, {'num': 736, 'start': 45, 'end': 47}, {'num': 107, 'start': 49, 'end': 51}, {'num': 974, 'start': 56, 'end': 58}, {'num': 614, 'start': 63, 'end': 65}, {'num': 930, 'start': 101, 'end': 103}, {'num': 364, 'start': 137, 'end': 139}]
row 53
line_groups [{'num': 800, 'start': 12, 'end': 14}, {'num': 155, 'start': 19, 'end': 21}, {'num': 235, 'start': 24, 'end': 26}, {'num': 446, 'start': 33, 'end': 35}, {'num': 286, 'start': 76, 'end': 78}, {'num': 822, 'start': 86, 'end': 88}, {'num': 199, 'start': 95, 'end': 97}, {'num': 670, 'start': 110, 'end': 112}]
row 54
line_groups [{'num': 882, 'start': 4, 'end': 6}, {'num': 521, 'start': 42, 'end': 44}, {'num': 20, 'start': 50, 'end': 51}, {'num': 282, 'start': 53, 'end': 55}, {'num': 641, 'start': 69, 'end': 71}, {'num': 703, 'start': 82, 'end': 84}, {'num': 887, 'start': 91, 'end': 93}, {'num': 513, 'start': 100, 'end': 102}, {'num': 271, 'start': 104, 'end': 106}, {'num': 819, 'start': 128, 'end': 130}, {'num': 100, 'start': 133, 'end': 135}]
row 55
line_groups [{'num': 99, 'start': 1, 'end': 2}, {'num': 933, 'start': 14, 'end': 16}, {'num': 649, 'start': 21, 'end': 23}, {'num': 407, 'start': 31, 'end': 33}, {'num': 922, 'start': 46, 'end': 48}, {'num': 681, 'start': 76, 'end': 78}, {'num': 426, 'start': 114, 'end': 116}, {'num': 204, 'start': 120, 'end': 122}]
row 56
line_groups [{'num': 112, 'start': 5, 'end': 7}, {'num': 819, 'start': 36, 'end': 38}, {'num': 94, 'start': 40, 'end': 41}, {'num': 689, 'start': 64, 'end': 66}, {'num': 652, 'start': 70, 'end': 72}, {'num': 182, 'start': 84, 'end': 86}, {'num': 933, 'start': 88, 'end': 90}, {'num': 858, 'start': 92, 'end': 94}, {'num': 711, 'start': 108, 'end': 110}, {'num': 610, 'start': 126, 'end': 128}, {'num': 437, 'start': 135, 'end': 137}]
row 57
line_groups [{'num': 540, 'start': 1, 'end': 3}, {'num': 740, 'start': 24, 'end': 26}, {'num': 500, 'start': 30, 'end': 32}, {'num': 184, 'start': 46, 'end': 48}, {'num': 386, 'start': 101, 'end': 103}, {'num': 668, 'start': 131, 'end': 133}]
row 58
line_groups [{'num': 719, 'start': 15, 'end': 17}, {'num': 695, 'start': 20, 'end': 22}, {'num': 824, 'start': 34, 'end': 36}, {'num': 882, 'start': 53, 'end': 55}, {'num': 811, 'start': 74, 'end': 76}, {'num': 771, 'start': 85, 'end': 87}, {'num': 142, 'start': 97, 'end': 99}, {'num': 867, 'start': 110, 'end': 112}, {'num': 667, 'start': 114, 'end': 116}, {'num': 299, 'start': 119, 'end': 121}, {'num': 143, 'start': 127, 'end': 129}]
row 59
line_groups [{'num': 425, 'start': 0, 'end': 2}, {'num': 120, 'start': 7, 'end': 9}, {'num': 401, 'start': 28, 'end': 30}, {'num': 75, 'start': 60, 'end': 61}, {'num': 2, 'start': 64, 'end': 64}, {'num': 551, 'start': 67, 'end': 69}, {'num': 719, 'start': 79, 'end': 81}, {'num': 44, 'start': 102, 'end': 103}, {'num': 141, 'start': 106, 'end': 108}]
row 60
line_groups [{'num': 963, 'start': 17, 'end': 19}, {'num': 209, 'start': 24, 'end': 26}, {'num': 913, 'start': 35, 'end': 37}, {'num': 871, 'start': 55, 'end': 57}, {'num': 904, 'start': 75, 'end': 77}, {'num': 365, 'start': 87, 'end': 89}, {'num': 244, 'start': 91, 'end': 93}, {'num': 495, 'start': 95, 'end': 97}, {'num': 19, 'start': 116, 'end': 117}]
row 61
line_groups [{'num': 971, 'start': 5, 'end': 7}, {'num': 883, 'start': 31, 'end': 33}, {'num': 225, 'start': 44, 'end': 46}, {'num': 967, 'start': 48, 'end': 50}, {'num': 44, 'start': 71, 'end': 72}, {'num': 182, 'start': 99, 'end': 101}, {'num': 830, 'start': 108, 'end': 110}, {'num': 190, 'start': 119, 'end': 121}, {'num': 487, 'start': 134, 'end': 136}]
row 62
line_groups [{'num': 93, 'start': 57, 'end': 58}, {'num': 577, 'start': 63, 'end': 65}, {'num': 541, 'start': 75, 'end': 77}, {'num': 456, 'start': 84, 'end': 86}, {'num': 370, 'start': 92, 'end': 94}, {'num': 52, 'start': 96, 'end': 97}]
row 63
line_groups [{'num': 82, 'start': 2, 'end': 3}, {'num': 396, 'start': 10, 'end': 12}, {'num': 927, 'start': 33, 'end': 35}, {'num': 887, 'start': 38, 'end': 40}, {'num': 268, 'start': 44, 'end': 46}, {'num': 517, 'start': 69, 'end': 71}, {'num': 753, 'start': 107, 'end': 109}]
row 64
line_groups [{'num': 607, 'start': 78, 'end': 80}, {'num': 493, 'start': 83, 'end': 85}, {'num': 479, 'start': 87, 'end': 89}, {'num': 521, 'start': 99, 'end': 101}, {'num': 680, 'start': 114, 'end': 116}, {'num': 58, 'start': 118, 'end': 119}, {'num': 879, 'start': 127, 'end': 129}]
row 65
line_groups [{'num': 951, 'start': 6, 'end': 8}, {'num': 136, 'start': 26, 'end': 28}, {'num': 585, 'start': 35, 'end': 37}, {'num': 69, 'start': 47, 'end': 48}, {'num': 933, 'start': 53, 'end': 55}, {'num': 25, 'start': 65, 'end': 66}, {'num': 265, 'start': 73, 'end': 75}, {'num': 923, 'start': 95, 'end': 97}, {'num': 5, 'start': 108, 'end': 108}, {'num': 624, 'start': 122, 'end': 124}, {'num': 109, 'start': 133, 'end': 135}]
row 66
line_groups [{'num': 826, 'start': 11, 'end': 13}, {'num': 407, 'start': 31, 'end': 33}, {'num': 772, 'start': 80, 'end': 82}, {'num': 628, 'start': 126, 'end': 128}]
row 67
line_groups [{'num': 293, 'start': 7, 'end': 9}, {'num': 420, 'start': 16, 'end': 18}, {'num': 140, 'start': 54, 'end': 56}, {'num': 728, 'start': 64, 'end': 66}, {'num': 815, 'start': 69, 'end': 71}, {'num': 196, 'start': 73, 'end': 75}, {'num': 470, 'start': 85, 'end': 87}, {'num': 403, 'start': 93, 'end': 95}, {'num': 807, 'start': 113, 'end': 115}, {'num': 99, 'start': 130, 'end': 131}, {'num': 443, 'start': 137, 'end': 139}]
row 68
line_groups [{'num': 732, 'start': 12, 'end': 14}, {'num': 795, 'start': 28, 'end': 30}, {'num': 35, 'start': 35, 'end': 36}, {'num': 18, 'start': 45, 'end': 46}, {'num': 789, 'start': 78, 'end': 80}, {'num': 931, 'start': 97, 'end': 99}, {'num': 52, 'start': 118, 'end': 119}, {'num': 727, 'start': 124, 'end': 126}]
row 69
line_groups [{'num': 477, 'start': 17, 'end': 19}, {'num': 682, 'start': 23, 'end': 25}, {'num': 118, 'start': 40, 'end': 42}, {'num': 539, 'start': 52, 'end': 54}, {'num': 844, 'start': 72, 'end': 74}, {'num': 481, 'start': 101, 'end': 103}, {'num': 863, 'start': 131, 'end': 133}, {'num': 773, 'start': 137, 'end': 139}]
row 70
line_groups [{'num': 479, 'start': 3, 'end': 5}, {'num': 585, 'start': 29, 'end': 31}, {'num': 817, 'start': 34, 'end': 36}, {'num': 16, 'start': 56, 'end': 57}, {'num': 244, 'start': 59, 'end': 61}, {'num': 826, 'start': 65, 'end': 67}, {'num': 427, 'start': 79, 'end': 81}, {'num': 694, 'start': 97, 'end': 99}, {'num': 834, 'start': 107, 'end': 109}, {'num': 949, 'start': 117, 'end': 119}]
row 71
line_groups [{'num': 336, 'start': 20, 'end': 22}, {'num': 205, 'start': 49, 'end': 51}, {'num': 899, 'start': 127, 'end': 129}]
row 72
line_groups [{'num': 49, 'start': 4, 'end': 5}, {'num': 971, 'start': 9, 'end': 11}, {'num': 331, 'start': 27, 'end': 29}, {'num': 289, 'start': 32, 'end': 34}, {'num': 661, 'start': 42, 'end': 44}, {'num': 400, 'start': 54, 'end': 56}, {'num': 57, 'start': 60, 'end': 61}, {'num': 711, 'start': 85, 'end': 87}, {'num': 873, 'start': 96, 'end': 98}, {'num': 668, 'start': 112, 'end': 114}, {'num': 94, 'start': 118, 'end': 119}, {'num': 42, 'start': 132, 'end': 133}]
row 73
line_groups [{'num': 68, 'start': 23, 'end': 24}, {'num': 557, 'start': 36, 'end': 38}, {'num': 425, 'start': 46, 'end': 48}, {'num': 267, 'start': 63, 'end': 65}, {'num': 993, 'start': 106, 'end': 108}, {'num': 49, 'start': 124, 'end': 125}, {'num': 65, 'start': 136, 'end': 137}]
row 74
line_groups [{'num': 647, 'start': 13, 'end': 15}, {'num': 569, 'start': 18, 'end': 20}, {'num': 1, 'start': 41, 'end': 41}, {'num': 823, 'start': 56, 'end': 58}, {'num': 579, 'start': 68, 'end': 70}, {'num': 153, 'start': 84, 'end': 86}, {'num': 65, 'start': 90, 'end': 91}, {'num': 263, 'start': 95, 'end': 97}, {'num': 320, 'start': 102, 'end': 104}, {'num': 243, 'start': 115, 'end': 117}, {'num': 626, 'start': 129, 'end': 131}]
row 75
line_groups [{'num': 128, 'start': 7, 'end': 9}, {'num': 215, 'start': 24, 'end': 26}, {'num': 684, 'start': 33, 'end': 35}, {'num': 519, 'start': 45, 'end': 47}, {'num': 247, 'start': 50, 'end': 52}, {'num': 320, 'start': 108, 'end': 110}]
row 76
line_groups [{'num': 827, 'start': 19, 'end': 21}, {'num': 954, 'start': 29, 'end': 31}, {'num': 378, 'start': 41, 'end': 43}, {'num': 553, 'start': 54, 'end': 56}, {'num': 434, 'start': 71, 'end': 73}, {'num': 644, 'start': 84, 'end': 86}, {'num': 208, 'start': 115, 'end': 117}, {'num': 88, 'start': 130, 'end': 131}, {'num': 387, 'start': 134, 'end': 136}]
row 77
line_groups [{'num': 907, 'start': 1, 'end': 3}, {'num': 402, 'start': 6, 'end': 8}, {'num': 16, 'start': 34, 'end': 35}, {'num': 507, 'start': 59, 'end': 61}, {'num': 403, 'start': 64, 'end': 66}, {'num': 272, 'start': 94, 'end': 96}, {'num': 496, 'start': 100, 'end': 102}, {'num': 750, 'start': 107, 'end': 109}, {'num': 12, 'start': 111, 'end': 112}]
row 78
line_groups [{'num': 555, 'start': 13, 'end': 15}, {'num': 610, 'start': 17, 'end': 19}, {'num': 454, 'start': 21, 'end': 23}, {'num': 322, 'start': 37, 'end': 39}, {'num': 954, 'start': 44, 'end': 46}, {'num': 529, 'start': 49, 'end': 51}, {'num': 25, 'start': 54, 'end': 55}, {'num': 651, 'start': 73, 'end': 75}, {'num': 43, 'start': 77, 'end': 78}, {'num': 534, 'start': 82, 'end': 84}, {'num': 121, 'start': 126, 'end': 128}, {'num': 442, 'start': 130, 'end': 132}, {'num': 709, 'start': 135, 'end': 137}]
row 79
line_groups [{'num': 269, 'start': 1, 'end': 3}, {'num': 410, 'start': 5, 'end': 7}, {'num': 163, 'start': 58, 'end': 60}, {'num': 608, 'start': 62, 'end': 64}, {'num': 451, 'start': 68, 'end': 70}, {'num': 999, 'start': 96, 'end': 98}, {'num': 292, 'start': 120, 'end': 122}]
row 80
line_groups [{'num': 867, 'start': 11, 'end': 13}, {'num': 595, 'start': 18, 'end': 20}, {'num': 88, 'start': 22, 'end': 23}, {'num': 990, 'start': 30, 'end': 32}, {'num': 473, 'start': 36, 'end': 38}, {'num': 406, 'start': 72, 'end': 74}, {'num': 285, 'start': 76, 'end': 78}, {'num': 825, 'start': 80, 'end': 82}, {'num': 464, 'start': 89, 'end': 91}, {'num': 378, 'start': 107, 'end': 109}, {'num': 835, 'start': 113, 'end': 115}, {'num': 570, 'start': 133, 'end': 135}, {'num': 484, 'start': 137, 'end': 139}]
row 81
line_groups [{'num': 550, 'start': 5, 'end': 7}, {'num': 162, 'start': 44, 'end': 46}, {'num': 812, 'start': 51, 'end': 53}, {'num': 37, 'start': 55, 'end': 56}, {'num': 693, 'start': 122, 'end': 124}]
row 82
line_groups [{'num': 385, 'start': 9, 'end': 11}, {'num': 934, 'start': 28, 'end': 30}, {'num': 810, 'start': 33, 'end': 35}, {'num': 758, 'start': 63, 'end': 65}, {'num': 313, 'start': 68, 'end': 70}, {'num': 413, 'start': 79, 'end': 81}, {'num': 265, 'start': 92, 'end': 94}, {'num': 691, 'start': 96, 'end': 98}, {'num': 559, 'start': 102, 'end': 104}, {'num': 807, 'start': 117, 'end': 119}, {'num': 824, 'start': 128, 'end': 130}, {'num': 608, 'start': 132, 'end': 134}]
row 83
line_groups [{'num': 373, 'start': 4, 'end': 6}, {'num': 580, 'start': 41, 'end': 43}, {'num': 506, 'start': 49, 'end': 51}, {'num': 852, 'start': 75, 'end': 77}, {'num': 786, 'start': 85, 'end': 87}]
row 84
line_groups [{'num': 932, 'start': 11, 'end': 13}, {'num': 194, 'start': 18, 'end': 20}, {'num': 688, 'start': 22, 'end': 24}, {'num': 713, 'start': 28, 'end': 30}, {'num': 333, 'start': 55, 'end': 57}, {'num': 410, 'start': 60, 'end': 62}, {'num': 817, 'start': 65, 'end': 67}, {'num': 524, 'start': 69, 'end': 71}, {'num': 438, 'start': 81, 'end': 83}, {'num': 410, 'start': 91, 'end': 93}, {'num': 129, 'start': 95, 'end': 97}, {'num': 312, 'start': 104, 'end': 106}, {'num': 452, 'start': 112, 'end': 114}, {'num': 202, 'start': 121, 'end': 123}, {'num': 146, 'start': 134, 'end': 136}]
row 85
line_groups [{'num': 626, 'start': 77, 'end': 79}, {'num': 745, 'start': 87, 'end': 89}, {'num': 974, 'start': 99, 'end': 101}]
row 86
line_groups [{'num': 580, 'start': 0, 'end': 2}, {'num': 212, 'start': 6, 'end': 8}, {'num': 485, 'start': 17, 'end': 19}, {'num': 511, 'start': 29, 'end': 31}, {'num': 495, 'start': 37, 'end': 39}, {'num': 768, 'start': 41, 'end': 43}, {'num': 361, 'start': 45, 'end': 47}, {'num': 323, 'start': 53, 'end': 55}, {'num': 176, 'start': 72, 'end': 74}, {'num': 595, 'start': 81, 'end': 83}, {'num': 147, 'start': 115, 'end': 117}, {'num': 227, 'start': 127, 'end': 129}, {'num': 491, 'start': 134, 'end': 136}]
row 87
line_groups [{'num': 85, 'start': 26, 'end': 27}, {'num': 329, 'start': 63, 'end': 65}, {'num': 623, 'start': 68, 'end': 70}, {'num': 161, 'start': 90, 'end': 92}, {'num': 680, 'start': 98, 'end': 100}, {'num': 104, 'start': 104, 'end': 106}, {'num': 452, 'start': 119, 'end': 121}]
row 88
line_groups [{'num': 854, 'start': 0, 'end': 2}, {'num': 489, 'start': 6, 'end': 8}, {'num': 33, 'start': 13, 'end': 14}, {'num': 992, 'start': 18, 'end': 20}, {'num': 15, 'start': 35, 'end': 36}, {'num': 418, 'start': 40, 'end': 42}, {'num': 890, 'start': 45, 'end': 47}, {'num': 362, 'start': 58, 'end': 60}, {'num': 603, 'start': 73, 'end': 75}, {'num': 224, 'start': 77, 'end': 79}, {'num': 431, 'start': 85, 'end': 87}, {'num': 701, 'start': 94, 'end': 96}, {'num': 929, 'start': 110, 'end': 112}, {'num': 408, 'start': 127, 'end': 129}]
row 89
line_groups [{'num': 980, 'start': 28, 'end': 30}, {'num': 428, 'start': 49, 'end': 51}, {'num': 615, 'start': 81, 'end': 83}, {'num': 343, 'start': 99, 'end': 101}, {'num': 827, 'start': 114, 'end': 116}, {'num': 686, 'start': 131, 'end': 133}]
row 90
line_groups [{'num': 48, 'start': 0, 'end': 1}, {'num': 213, 'start': 3, 'end': 5}, {'num': 353, 'start': 24, 'end': 26}, {'num': 902, 'start': 33, 'end': 35}, {'num': 616, 'start': 42, 'end': 44}, {'num': 583, 'start': 54, 'end': 56}, {'num': 674, 'start': 60, 'end': 62}, {'num': 361, 'start': 68, 'end': 70}, {'num': 711, 'start': 75, 'end': 77}, {'num': 821, 'start': 87, 'end': 89}, {'num': 31, 'start': 94, 'end': 95}, {'num': 285, 'start': 126, 'end': 128}]
row 91
line_groups [{'num': 614, 'start': 7, 'end': 9}, {'num': 52, 'start': 16, 'end': 17}, {'num': 207, 'start': 19, 'end': 21}, {'num': 228, 'start': 28, 'end': 30}, {'num': 624, 'start': 99, 'end': 101}, {'num': 734, 'start': 115, 'end': 117}, {'num': 411, 'start': 130, 'end': 132}, {'num': 876, 'start': 134, 'end': 136}]
row 92
line_groups [{'num': 358, 'start': 35, 'end': 37}, {'num': 807, 'start': 41, 'end': 43}, {'num': 280, 'start': 49, 'end': 51}, {'num': 174, 'start': 54, 'end': 56}, {'num': 232, 'start': 60, 'end': 62}, {'num': 715, 'start': 65, 'end': 67}, {'num': 804, 'start': 86, 'end': 88}, {'num': 522, 'start': 91, 'end': 93}, {'num': 717, 'start': 111, 'end': 113}]
row 93
line_groups [{'num': 434, 'start': 0, 'end': 2}, {'num': 262, 'start': 7, 'end': 9}, {'num': 655, 'start': 11, 'end': 13}, {'num': 822, 'start': 15, 'end': 17}, {'num': 358, 'start': 19, 'end': 21}, {'num': 709, 'start': 24, 'end': 26}, {'num': 876, 'start': 70, 'end': 72}, {'num': 952, 'start': 78, 'end': 80}, {'num': 81, 'start': 115, 'end': 116}, {'num': 412, 'start': 118, 'end': 120}, {'num': 160, 'start': 122, 'end': 124}, {'num': 751, 'start': 129, 'end': 131}]
row 94
line_groups [{'num': 976, 'start': 36, 'end': 38}, {'num': 739, 'start': 46, 'end': 48}, {'num': 490, 'start': 51, 'end': 53}, {'num': 913, 'start': 55, 'end': 57}, {'num': 374, 'start': 82, 'end': 84}, {'num': 625, 'start': 87, 'end': 89}, {'num': 236, 'start': 92, 'end': 94}, {'num': 539, 'start': 97, 'end': 99}]
row 95
line_groups [{'num': 743, 'start': 2, 'end': 4}, {'num': 737, 'start': 24, 'end': 26}, {'num': 766, 'start': 41, 'end': 43}, {'num': 197, 'start': 64, 'end': 66}, {'num': 878, 'start': 75, 'end': 77}, {'num': 861, 'start': 104, 'end': 106}, {'num': 32, 'start': 109, 'end': 110}, {'num': 16, 'start': 126, 'end': 127}, {'num': 975, 'start': 131, 'end': 133}]
row 96
line_groups [{'num': 972, 'start': 16, 'end': 18}, {'num': 293, 'start': 47, 'end': 49}, {'num': 85, 'start': 52, 'end': 53}, {'num': 561, 'start': 60, 'end': 62}, {'num': 919, 'start': 70, 'end': 72}, {'num': 156, 'start': 83, 'end': 85}, {'num': 435, 'start': 99, 'end': 101}, {'num': 835, 'start': 117, 'end': 119}, {'num': 3, 'start': 129, 'end': 129}]
row 97
line_groups [{'num': 823, 'start': 8, 'end': 10}, {'num': 690, 'start': 12, 'end': 14}, {'num': 747, 'start': 21, 'end': 23}, {'num': 799, 'start': 39, 'end': 41}, {'num': 241, 'start': 91, 'end': 93}, {'num': 558, 'start': 103, 'end': 105}, {'num': 459, 'start': 121, 'end': 123}]
row 98
line_groups [{'num': 552, 'start': 4, 'end': 6}, {'num': 701, 'start': 17, 'end': 19}, {'num': 579, 'start': 45, 'end': 47}, {'num': 187, 'start': 55, 'end': 57}, {'num': 691, 'start': 61, 'end': 63}, {'num': 694, 'start': 76, 'end': 78}, {'num': 980, 'start': 80, 'end': 82}, {'num': 244, 'start': 108, 'end': 110}, {'num': 842, 'start': 129, 'end': 131}]
row 99
line_groups [{'num': 57, 'start': 1, 'end': 2}, {'num': 687, 'start': 10, 'end': 12}, {'num': 110, 'start': 34, 'end': 36}, {'num': 873, 'start': 38, 'end': 40}, {'num': 469, 'start': 65, 'end': 67}, {'num': 217, 'start': 69, 'end': 71}, {'num': 573, 'start': 92, 'end': 94}, {'num': 324, 'start': 97, 'end': 99}, {'num': 308, 'start': 101, 'end': 103}, {'num': 855, 'start': 123, 'end': 125}, {'num': 553, 'start': 133, 'end': 135}]
row 100
line_groups [{'num': 551, 'start': 6, 'end': 8}, {'num': 142, 'start': 75, 'end': 77}, {'num': 771, 'start': 85, 'end': 87}, {'num': 902, 'start': 105, 'end': 107}, {'num': 606, 'start': 127, 'end': 129}]
row 101
line_groups [{'num': 990, 'start': 10, 'end': 12}, {'num': 869, 'start': 21, 'end': 23}, {'num': 8, 'start': 32, 'end': 32}, {'num': 477, 'start': 41, 'end': 43}, {'num': 330, 'start': 56, 'end': 58}, {'num': 37, 'start': 80, 'end': 81}, {'num': 408, 'start': 89, 'end': 91}, {'num': 751, 'start': 94, 'end': 96}, {'num': 239, 'start': 110, 'end': 112}, {'num': 362, 'start': 123, 'end': 125}]
row 102
line_groups [{'num': 994, 'start': 3, 'end': 5}, {'num': 984, 'start': 26, 'end': 28}, {'num': 194, 'start': 35, 'end': 37}, {'num': 972, 'start': 69, 'end': 71}, {'num': 967, 'start': 73, 'end': 75}, {'num': 150, 'start': 83, 'end': 85}, {'num': 433, 'start': 101, 'end': 103}, {'num': 517, 'start': 106, 'end': 108}, {'num': 947, 'start': 133, 'end': 135}]
row 103
line_groups [{'num': 189, 'start': 9, 'end': 11}, {'num': 501, 'start': 14, 'end': 16}, {'num': 334, 'start': 18, 'end': 20}, {'num': 56, 'start': 32, 'end': 33}, {'num': 531, 'start': 53, 'end': 55}, {'num': 846, 'start': 59, 'end': 61}, {'num': 562, 'start': 65, 'end': 67}, {'num': 477, 'start': 78, 'end': 80}, {'num': 19, 'start': 112, 'end': 113}, {'num': 396, 'start': 122, 'end': 124}, {'num': 570, 'start': 128, 'end': 130}]
row 104
line_groups [{'num': 761, 'start': 22, 'end': 24}, {'num': 243, 'start': 39, 'end': 41}, {'num': 692, 'start': 47, 'end': 49}, {'num': 985, 'start': 71, 'end': 73}, {'num': 991, 'start': 85, 'end': 87}, {'num': 320, 'start': 97, 'end': 99}, {'num': 585, 'start': 132, 'end': 134}]
row 105
line_groups [{'num': 590, 'start': 4, 'end': 6}, {'num': 993, 'start': 26, 'end': 28}, {'num': 554, 'start': 30, 'end': 32}, {'num': 132, 'start': 53, 'end': 55}, {'num': 623, 'start': 59, 'end': 61}, {'num': 429, 'start': 66, 'end': 68}, {'num': 549, 'start': 77, 'end': 79}, {'num': 31, 'start': 82, 'end': 83}, {'num': 643, 'start': 92, 'end': 94}, {'num': 134, 'start': 114, 'end': 116}, {'num': 237, 'start': 118, 'end': 120}, {'num': 50, 'start': 129, 'end': 130}]
row 106
line_groups [{'num': 385, 'start': 13, 'end': 15}, {'num': 538, 'start': 17, 'end': 19}, {'num': 826, 'start': 36, 'end': 38}, {'num': 644, 'start': 87, 'end': 89}, {'num': 151, 'start': 96, 'end': 98}, {'num': 919, 'start': 100, 'end': 102}, {'num': 733, 'start': 109, 'end': 111}, {'num': 73, 'start': 125, 'end': 126}, {'num': 848, 'start': 132, 'end': 134}]
row 107
line_groups [{'num': 477, 'start': 1, 'end': 3}, {'num': 871, 'start': 7, 'end': 9}, {'num': 5, 'start': 24, 'end': 24}, {'num': 68, 'start': 29, 'end': 30}, {'num': 841, 'start': 32, 'end': 34}, {'num': 80, 'start': 41, 'end': 42}, {'num': 405, 'start': 51, 'end': 53}, {'num': 70, 'start': 55, 'end': 56}, {'num': 898, 'start': 58, 'end': 60}, {'num': 25, 'start': 76, 'end': 77}, {'num': 787, 'start': 91, 'end': 93}, {'num': 368, 'start': 104, 'end': 106}]
row 108
line_groups [{'num': 6, 'start': 14, 'end': 14}, {'num': 370, 'start': 44, 'end': 46}, {'num': 186, 'start': 85, 'end': 87}, {'num': 146, 'start': 97, 'end': 99}, {'num': 447, 'start': 111, 'end': 113}, {'num': 287, 'start': 121, 'end': 123}, {'num': 611, 'start': 136, 'end': 138}]
row 109
line_groups [{'num': 443, 'start': 0, 'end': 2}, {'num': 893, 'start': 6, 'end': 8}, {'num': 20, 'start': 23, 'end': 24}, {'num': 108, 'start': 32, 'end': 34}, {'num': 43, 'start': 38, 'end': 39}, {'num': 637, 'start': 50, 'end': 52}, {'num': 396, 'start': 59, 'end': 61}, {'num': 596, 'start': 65, 'end': 67}, {'num': 64, 'start': 80, 'end': 81}, {'num': 505, 'start': 90, 'end': 92}, {'num': 141, 'start': 106, 'end': 108}, {'num': 543, 'start': 130, 'end': 132}]
row 110
line_groups [{'num': 197, 'start': 17, 'end': 19}, {'num': 244, 'start': 26, 'end': 28}, {'num': 530, 'start': 46, 'end': 48}, {'num': 334, 'start': 54, 'end': 56}, {'num': 335, 'start': 69, 'end': 71}, {'num': 745, 'start': 74, 'end': 76}, {'num': 99, 'start': 97, 'end': 98}, {'num': 182, 'start': 101, 'end': 103}, {'num': 645, 'start': 118, 'end': 120}, {'num': 963, 'start': 122, 'end': 124}]
row 111
line_groups [{'num': 593, 'start': 33, 'end': 35}, {'num': 704, 'start': 38, 'end': 40}, {'num': 211, 'start': 64, 'end': 66}, {'num': 571, 'start': 88, 'end': 90}, {'num': 178, 'start': 93, 'end': 95}, {'num': 476, 'start': 130, 'end': 132}]
row 112
line_groups [{'num': 812, 'start': 6, 'end': 8}, {'num': 17, 'start': 11, 'end': 12}, {'num': 617, 'start': 14, 'end': 16}, {'num': 249, 'start': 24, 'end': 26}, {'num': 327, 'start': 29, 'end': 31}, {'num': 527, 'start': 43, 'end': 45}, {'num': 15, 'start': 48, 'end': 49}, {'num': 238, 'start': 58, 'end': 60}, {'num': 926, 'start': 73, 'end': 75}, {'num': 564, 'start': 77, 'end': 79}, {'num': 260, 'start': 110, 'end': 112}, {'num': 715, 'start': 124, 'end': 126}, {'num': 793, 'start': 137, 'end': 139}]
row 113
line_groups [{'num': 826, 'start': 20, 'end': 22}, {'num': 685, 'start': 95, 'end': 97}, {'num': 954, 'start': 120, 'end': 122}, {'num': 423, 'start': 128, 'end': 130}]
row 114
line_groups [{'num': 796, 'start': 13, 'end': 15}, {'num': 260, 'start': 31, 'end': 33}, {'num': 946, 'start': 36, 'end': 38}, {'num': 848, 'start': 44, 'end': 46}, {'num': 902, 'start': 50, 'end': 52}, {'num': 285, 'start': 66, 'end': 68}, {'num': 136, 'start': 75, 'end': 77}, {'num': 211, 'start': 82, 'end': 84}, {'num': 258, 'start': 103, 'end': 105}, {'num': 874, 'start': 107, 'end': 109}, {'num': 332, 'start': 115, 'end': 117}]
row 115
line_groups [{'num': 829, 'start': 5, 'end': 7}, {'num': 348, 'start': 17, 'end': 19}, {'num': 539, 'start': 24, 'end': 26}, {'num': 623, 'start': 54, 'end': 56}, {'num': 252, 'start': 88, 'end': 90}, {'num': 253, 'start': 93, 'end': 95}, {'num': 86, 'start': 98, 'end': 99}, {'num': 599, 'start': 111, 'end': 113}, {'num': 592, 'start': 119, 'end': 121}, {'num': 672, 'start': 129, 'end': 131}, {'num': 232, 'start': 134, 'end': 136}]
row 116
line_groups [{'num': 752, 'start': 12, 'end': 14}, {'num': 375, 'start': 34, 'end': 36}, {'num': 859, 'start': 49, 'end': 51}, {'num': 926, 'start': 58, 'end': 60}, {'num': 182, 'start': 62, 'end': 64}, {'num': 733, 'start': 69, 'end': 71}, {'num': 241, 'start': 78, 'end': 80}, {'num': 276, 'start': 102, 'end': 104}, {'num': 762, 'start': 115, 'end': 117}]
row 117
line_groups [{'num': 482, 'start': 29, 'end': 31}, {'num': 346, 'start': 43, 'end': 45}, {'num': 374, 'start': 54, 'end': 56}, {'num': 493, 'start': 97, 'end': 99}, {'num': 322, 'start': 106, 'end': 108}, {'num': 175, 'start': 135, 'end': 137}]
row 118
line_groups [{'num': 793, 'start': 15, 'end': 17}, {'num': 532, 'start': 21, 'end': 23}, {'num': 530, 'start': 33, 'end': 35}, {'num': 509, 'start': 58, 'end': 60}, {'num': 861, 'start': 62, 'end': 64}, {'num': 134, 'start': 72, 'end': 74}, {'num': 353, 'start': 83, 'end': 85}, {'num': 94, 'start': 120, 'end': 121}]
row 119
line_groups [{'num': 480, 'start': 0, 'end': 2}, {'num': 761, 'start': 7, 'end': 9}, {'num': 768, 'start': 43, 'end': 45}, {'num': 790, 'start': 48, 'end': 50}, {'num': 296, 'start': 67, 'end': 69}, {'num': 311, 'start': 87, 'end': 89}, {'num': 340, 'start': 98, 'end': 100}, {'num': 344, 'start': 104, 'end': 106}, {'num': 989, 'start': 112, 'end': 114}, {'num': 142, 'start': 116, 'end': 118}, {'num': 411, 'start': 129, 'end': 131}]
row 120
line_groups [{'num': 208, 'start': 13, 'end': 15}, {'num': 300, 'start': 23, 'end': 25}, {'num': 506, 'start': 39, 'end': 41}, {'num': 267, 'start': 54, 'end': 56}, {'num': 918, 'start': 62, 'end': 64}, {'num': 204, 'start': 77, 'end': 79}, {'num': 606, 'start': 92, 'end': 94}, {'num': 397, 'start': 122, 'end': 124}, {'num': 257, 'start': 136, 'end': 138}]
row 121
line_groups [{'num': 636, 'start': 45, 'end': 47}, {'num': 476, 'start': 50, 'end': 52}, {'num': 109, 'start': 69, 'end': 71}, {'num': 115, 'start': 104, 'end': 106}, {'num': 91, 'start': 110, 'end': 111}, {'num': 823, 'start': 118, 'end': 120}, {'num': 929, 'start': 129, 'end': 131}]
row 122
line_groups [{'num': 595, 'start': 3, 'end': 5}, {'num': 313, 'start': 14, 'end': 16}, {'num': 849, 'start': 22, 'end': 24}, {'num': 452, 'start': 26, 'end': 28}, {'num': 568, 'start': 35, 'end': 37}, {'num': 802, 'start': 56, 'end': 58}, {'num': 915, 'start': 79, 'end': 81}, {'num': 730, 'start': 85, 'end': 87}, {'num': 138, 'start': 92, 'end': 94}, {'num': 30, 'start': 96, 'end': 97}, {'num': 455, 'start': 100, 'end': 102}, {'num': 589, 'start': 124, 'end': 126}]
row 123
line_groups [{'num': 290, 'start': 31, 'end': 33}, {'num': 147, 'start': 46, 'end': 48}, {'num': 492, 'start': 64, 'end': 66}, {'num': 83, 'start': 69, 'end': 70}, {'num': 12, 'start': 75, 'end': 76}, {'num': 17, 'start': 134, 'end': 135}]
row 124
line_groups [{'num': 970, 'start': 0, 'end': 2}, {'num': 701, 'start': 14, 'end': 16}, {'num': 264, 'start': 22, 'end': 24}, {'num': 113, 'start': 42, 'end': 44}, {'num': 916, 'start': 52, 'end': 54}, {'num': 620, 'start': 78, 'end': 80}, {'num': 809, 'start': 93, 'end': 95}, {'num': 788, 'start': 105, 'end': 107}, {'num': 446, 'start': 118, 'end': 120}, {'num': 904, 'start': 129, 'end': 131}]
row 125
line_groups [{'num': 221, 'start': 6, 'end': 8}, {'num': 112, 'start': 10, 'end': 12}, {'num': 610, 'start': 27, 'end': 29}, {'num': 799, 'start': 48, 'end': 50}, {'num': 713, 'start': 63, 'end': 65}, {'num': 657, 'start': 74, 'end': 76}, {'num': 325, 'start': 84, 'end': 86}, {'num': 551, 'start': 113, 'end': 115}, {'num': 615, 'start': 135, 'end': 137}]
row 126
line_groups [{'num': 295, 'start': 1, 'end': 3}, {'num': 852, 'start': 19, 'end': 21}, {'num': 986, 'start': 37, 'end': 39}, {'num': 620, 'start': 105, 'end': 107}, {'num': 665, 'start': 118, 'end': 120}, {'num': 930, 'start': 126, 'end': 128}]
row 127
line_groups [{'num': 785, 'start': 5, 'end': 7}, {'num': 542, 'start': 15, 'end': 17}, {'num': 732, 'start': 32, 'end': 34}, {'num': 583, 'start': 47, 'end': 49}, {'num': 424, 'start': 74, 'end': 76}, {'num': 702, 'start': 86, 'end': 88}, {'num': 367, 'start': 90, 'end': 92}, {'num': 993, 'start': 95, 'end': 97}, {'num': 386, 'start': 110, 'end': 112}]
row 128
line_groups [{'num': 114, 'start': 20, 'end': 22}, {'num': 704, 'start': 27, 'end': 29}, {'num': 377, 'start': 40, 'end': 42}, {'num': 633, 'start': 54, 'end': 56}, {'num': 730, 'start': 69, 'end': 71}, {'num': 241, 'start': 78, 'end': 80}, {'num': 396, 'start': 102, 'end': 104}, {'num': 372, 'start': 116, 'end': 118}, {'num': 135, 'start': 125, 'end': 127}, {'num': 806, 'start': 130, 'end': 132}]
row 129
line_groups [{'num': 122, 'start': 7, 'end': 9}, {'num': 963, 'start': 16, 'end': 18}, {'num': 509, 'start': 62, 'end': 64}, {'num': 50, 'start': 90, 'end': 91}, {'num': 280, 'start': 97, 'end': 99}, {'num': 672, 'start': 109, 'end': 111}, {'num': 538, 'start': 121, 'end': 123}, {'num': 619, 'start': 135, 'end': 137}]
row 130
line_groups [{'num': 957, 'start': 21, 'end': 23}, {'num': 542, 'start': 29, 'end': 31}, {'num': 731, 'start': 35, 'end': 37}, {'num': 941, 'start': 40, 'end': 42}, {'num': 59, 'start': 55, 'end': 56}, {'num': 571, 'start': 67, 'end': 69}, {'num': 554, 'start': 71, 'end': 73}, {'num': 214, 'start': 78, 'end': 80}, {'num': 108, 'start': 85, 'end': 87}, {'num': 104, 'start': 105, 'end': 107}]
row 131
line_groups [{'num': 337, 'start': 50, 'end': 52}, {'num': 873, 'start': 128, 'end': 130}, {'num': 563, 'start': 133, 'end': 135}]
row 132
line_groups [{'num': 771, 'start': 4, 'end': 6}, {'num': 500, 'start': 9, 'end': 11}, {'num': 868, 'start': 20, 'end': 22}, {'num': 213, 'start': 30, 'end': 32}, {'num': 902, 'start': 39, 'end': 41}, {'num': 456, 'start': 46, 'end': 48}, {'num': 255, 'start': 69, 'end': 71}, {'num': 377, 'start': 77, 'end': 79}, {'num': 781, 'start': 81, 'end': 83}, {'num': 348, 'start': 91, 'end': 93}, {'num': 133, 'start': 110, 'end': 112}, {'num': 367, 'start': 119, 'end': 121}, {'num': 696, 'start': 123, 'end': 125}]
row 133
line_groups [{'num': 25, 'start': 16, 'end': 17}, {'num': 784, 'start': 26, 'end': 28}, {'num': 735, 'start': 59, 'end': 61}, {'num': 413, 'start': 64, 'end': 66}, {'num': 108, 'start': 73, 'end': 75}, {'num': 645, 'start': 106, 'end': 108}, {'num': 8, 'start': 115, 'end': 115}, {'num': 185, 'start': 128, 'end': 130}]
row 134
line_groups [{'num': 603, 'start': 2, 'end': 4}, {'num': 389, 'start': 6, 'end': 8}, {'num': 956, 'start': 11, 'end': 13}, {'num': 636, 'start': 35, 'end': 37}, {'num': 866, 'start': 41, 'end': 43}, {'num': 338, 'start': 49, 'end': 51}, {'num': 25, 'start': 56, 'end': 57}, {'num': 667, 'start': 111, 'end': 113}, {'num': 296, 'start': 136, 'end': 138}]
row 135
line_groups [{'num': 544, 'start': 16, 'end': 18}, {'num': 510, 'start': 24, 'end': 26}, {'num': 418, 'start': 29, 'end': 31}, {'num': 379, 'start': 64, 'end': 66}, {'num': 478, 'start': 68, 'end': 70}, {'num': 961, 'start': 76, 'end': 78}, {'num': 410, 'start': 92, 'end': 94}, {'num': 413, 'start': 107, 'end': 109}, {'num': 912, 'start': 117, 'end': 119}, {'num': 469, 'start': 122, 'end': 124}, {'num': 758, 'start': 127, 'end': 129}, {'num': 733, 'start': 131, 'end': 133}]
row 136
line_groups [{'num': 798, 'start': 0, 'end': 2}, {'num': 565, 'start': 8, 'end': 10}, {'num': 793, 'start': 12, 'end': 14}, {'num': 98, 'start': 33, 'end': 34}, {'num': 447, 'start': 40, 'end': 42}, {'num': 291, 'start': 55, 'end': 57}, {'num': 244, 'start': 80, 'end': 82}, {'num': 491, 'start': 102, 'end': 104}]
row 137
line_groups [{'num': 546, 'start': 4, 'end': 6}, {'num': 454, 'start': 18, 'end': 20}, {'num': 120, 'start': 24, 'end': 26}, {'num': 683, 'start': 29, 'end': 31}, {'num': 923, 'start': 45, 'end': 47}, {'num': 865, 'start': 61, 'end': 63}, {'num': 574, 'start': 65, 'end': 67}, {'num': 276, 'start': 74, 'end': 76}, {'num': 56, 'start': 85, 'end': 86}, {'num': 57, 'start': 93, 'end': 94}, {'num': 659, 'start': 96, 'end': 98}, {'num': 512, 'start': 126, 'end': 128}]
row 138
line_groups [{'num': 329, 'start': 12, 'end': 14}, {'num': 606, 'start': 52, 'end': 54}, {'num': 599, 'start': 56, 'end': 58}, {'num': 927, 'start': 79, 'end': 81}, {'num': 674, 'start': 102, 'end': 104}, {'num': 723, 'start': 116, 'end': 118}, {'num': 974, 'start': 121, 'end': 123}]
row 139
line_groups [{'num': 378, 'start': 16, 'end': 18}, {'num': 911, 'start': 21, 'end': 23}, {'num': 987, 'start': 32, 'end': 34}, {'num': 606, 'start': 40, 'end': 42}, {'num': 899, 'start': 65, 'end': 67}, {'num': 73, 'start': 69, 'end': 70}, {'num': 489, 'start': 75, 'end': 77}, {'num': 848, 'start': 84, 'end': 86}, {'num': 664, 'start': 108, 'end': 110}, {'num': 388, 'start': 126, 'end': 128}, {'num': 589, 'start': 135, 'end': 137}]
gear_connectting_nums {(1, 41): [46, 749], (1, 62): [809], (1, 74): [923, 778], (1, 129): [238, 386], (1, 12): [823, 835], (3, 102): [925, 123], (4, 49): [481, 228], (4, 84): [211, 733], (4, 15): [832, 105], (5, 122): [540, 347], (5, 136): [6], (6, 109): [27, 149], (6, 114): [586, 812], (7, 46): [55, 864], (7, 69): [465, 259], (7, 74): [398, 910], (7, 100): [585, 799], (8, 28): [166, 151], (7, 128): [653, 98], (9, 37): [876, 493], (9, 136): [951, 246], (8, 7): [615], (10, 63): [680, 581], (8, 119): [901], (9, 14): [3], (11, 31): [637, 978], (11, 69): [350, 298], (11, 79): [881, 711], (11, 93): [699, 794], (10, 129): [474, 409], (12, 7): [336], (12, 17): [922], (12, 43): [370, 534], (12, 76): [335, 272], (12, 98): [11, 892], (13, 35): [453, 309], (12, 119): [44], (13, 129): [460], (14, 71): [61, 504], (14, 107): [707, 975], (14, 122): [230, 130], (12, 134): [72, 537], (15, 23): [405, 172], (15, 66): [221, 882], (15, 102): [75, 908], (15, 115): [237, 555], (16, 5): [208, 176], (16, 10): [239, 670], (16, 42): [795, 862], (17, 54): [494, 33], (17, 62): [333, 796], (15, 81): [282], (16, 97): [927, 72], (16, 120): [983], (18, 3): [915, 8], (18, 14): [524, 886], (18, 35): [866, 606], (18, 122): [995, 644], (19, 68): [612, 605], (19, 88): [463], (18, 105): [399, 846], (19, 29): [41, 718], (20, 41): [680, 974], (20, 49): [787, 148], (20, 76): [892, 87], (20, 100): [972, 986], (20, 60): [355, 688], (21, 110): [576, 691], (22, 95): [534, 758], (22, 115): [576], (22, 125): [302], (21, 14): [504], (24, 4): [286, 698], (24, 10): [882, 331], (24, 50): [320, 822], (24, 75): [48, 833], (24, 80): [393], (24, 84): [202, 749], (24, 106): [951, 455], (24, 116): [295, 133], (24, 43): [815], (27, 96): [727, 839], (25, 110): [256, 439], (25, 128): [478], (26, 12): [595], (28, 28): [442, 963], (28, 33): [997, 926], (28, 61): [596, 228], (27, 77): [597, 792], (29, 21): [713, 708], (28, 53): [564, 274], (27, 103): [255], (29, 121): [636, 591], (30, 35): [39, 127], (31, 78): [191, 372], (29, 124): [906], (32, 28): [591, 997], (32, 84): [339, 875], (31, 104): [204, 534], (30, 114): [871, 465], (31, 56): [675], (33, 34): [139, 793], (34, 90): [854, 234], (32, 131): [830], (34, 26): [132], (35, 63): [207, 449], (35, 85): [66, 125], (36, 61): [35, 547], (36, 106): [468, 845], (37, 10): [161, 634], (38, 17): [678, 107], (38, 81): [701, 176], (39, 126): [848, 486], (40, 25): [296, 279], (40, 75): [69, 582], (40, 94): [442, 251], (39, 37): [519], (41, 84): [403, 112], (42, 13): [396, 860], (42, 48): [449, 195], (42, 60): [794, 850], (42, 100): [980, 315], (44, 39): [368, 15], (43, 120): [483, 625], (45, 56): [916, 373], (45, 68): [201, 830], (46, 4): [452], (46, 31): [786, 903], (46, 35): [961, 81], (46, 75): [947, 202], (46, 12): [99], (47, 20): [388, 259], (47, 43): [578, 483], (47, 106): [720, 683], (47, 133): [692, 964], (48, 69): [615, 458], (49, 26): [439, 998], (47, 51): [596], (48, 118): [371, 16], (50, 89): [145, 365], (50, 95): [895, 62], (50, 104): [267, 986], (51, 36): [173, 471], (51, 41): [511, 696], (50, 60): [552, 847], (50, 136): [975, 26], (52, 4): [444, 84], (52, 11): [560, 800], (51, 48): [736, 107], (53, 55): [974, 282], (54, 24): [235, 649], (54, 79): [286, 681], (54, 85): [822, 703], (55, 5): [882, 112], (54, 49): [20, 922], (55, 71): [641, 652], (54, 103): [513, 271], (55, 17): [933], (56, 32): [407, 500], (57, 37): [819, 824], (57, 88): [933, 771], (55, 108): [711], (56, 134): [437, 668], (58, 100): [386, 142], (59, 23): [695, 209], (59, 55): [882, 871], (59, 75): [811, 904], (58, 118): [299], (60, 6): [120, 971], (60, 102): [44, 182], (60, 107): [141, 830], (61, 34): [913, 883], (61, 90): [365, 244], (61, 96): [495, 52], (62, 46): [225, 268], (62, 83): [456], (64, 9): [396, 951], (64, 36): [927, 585], (64, 108): [753, 5], (65, 82): [493, 772], (64, 117): [680, 58], (66, 48): [69], (66, 64): [25, 728], (66, 96): [923, 403], (67, 12): [826, 732], (67, 126): [628, 727], (68, 18): [420, 477], (68, 56): [140], (68, 73): [196, 844], (68, 131): [99, 863], (68, 136): [443, 773], (69, 28): [795, 585], (69, 36): [35, 817], (69, 97): [931, 694], (69, 120): [52, 949], (70, 52): [539, 205], (70, 58): [16, 244], (70, 68): [826], (72, 126): [899, 49], (73, 56): [400, 823], (73, 85): [711, 153], (74, 45): [425, 519], (75, 21): [569, 827], (73, 40): [1], (75, 96): [263], (75, 114): [243, 208], (75, 132): [626, 88], (76, 8): [128, 402], (74, 26): [215], (76, 35): [684, 16], (76, 107): [320, 750], (77, 40): [378, 322], (77, 55): [553, 25], (77, 136): [387, 709], (78, 59): [507, 163], (78, 65): [403, 608], (78, 96): [272, 999], (79, 14): [555, 867], (77, 76): [651, 43], (79, 4): [269, 410], (80, 21): [595, 88], (81, 75): [406, 285], (81, 81): [825, 413], (80, 136): [570, 484], (82, 8): [550, 385], (82, 43): [162, 580], (81, 54): [812, 37], (82, 27): [934], (83, 62): [758, 410], (83, 92): [265, 410], (83, 98): [691, 129], (83, 105): [559, 312], (83, 135): [608, 146], (84, 77): [852, 626], (84, 21): [194, 688], (85, 29): [713, 511], (85, 81): [438, 595], (86, 90): [745, 161], (86, 99): [974, 680], (87, 3): [580, 854], (87, 17): [485, 992], (87, 36): [495, 15], (87, 43): [768, 418], (87, 46): [361, 890], (86, 71): [176, 623], (87, 126): [227, 408], (88, 28): [85, 980], (88, 5): [489], (89, 74): [603, 711], (87, 79): [224], (91, 27): [353, 228], (91, 43): [616, 807], (91, 54): [583, 174], (91, 68): [361, 715], (92, 6): [614, 262], (92, 116): [734, 81], (91, 133): [411, 876], (93, 38): [358, 976], (93, 49): [280, 739], (93, 94): [522, 236], (94, 18): [822, 358], (94, 54): [490, 913], (95, 83): [374, 156], (95, 88): [625], (95, 100): [539, 435], (96, 106): [861, 558], (96, 128): [16, 3], (97, 16): [972, 701], (97, 46): [293, 579], (97, 62): [561, 691], (98, 7): [823, 552], (98, 13): [690, 687], (98, 94): [241, 573], (98, 124): [459, 855], (98, 79): [694, 980], (99, 130): [842, 606], (99, 37): [110, 873], (98, 69): [217], (99, 104): [308, 902], (101, 5): [551, 994], (100, 88): [771, 408], (102, 9): [990, 189], (102, 31): [8, 56], (101, 82): [37, 150], (102, 112): [239, 19], (102, 124): [362, 396], (102, 72): [972, 967], (103, 132): [947, 585], (103, 17): [501, 334], (104, 56): [531, 132], (104, 62): [846, 623], (104, 68): [562, 429], (104, 81): [477, 31], (104, 130): [570, 50], (105, 38): [243, 826], (106, 25): [993, 5], (106, 30): [554, 68], (107, 90): [644, 787], (106, 99): [151, 919], (107, 110): [733, 447], (107, 135): [848, 611], (108, 3): [477, 443], (108, 8): [871, 893], (108, 35): [841, 108], (107, 43): [80, 370], (107, 57): [70, 898], (108, 107): [368, 141], (109, 96): [146, 99], (109, 123): [287, 963], (110, 64): [596, 211], (110, 90): [505, 571], (111, 16): [197, 617], (111, 25): [244, 249], (111, 72): [335, 926], (112, 5): [812], (113, 32): [327, 260], (113, 45): [527, 848], (112, 127): [715, 423], (114, 97): [685, 86], (114, 119): [954, 592], (114, 16): [796, 348], (115, 36): [946, 375], (115, 49): [902, 859], (115, 77): [136, 241], (115, 115): [332, 762], (116, 56): [623, 374], (116, 134): [232, 175], (115, 61): [926, 182], (117, 105): [276, 322], (118, 46): [346, 768], (118, 98): [493, 340], (119, 62): [861, 918], (118, 119): [94, 142], (118, 3): [480], (120, 48): [790, 636], (120, 69): [296, 109], (120, 104): [344, 115], (120, 132): [411, 929], (121, 22): [300, 849], (121, 78): [204, 915], (121, 92): [606, 138], (120, 121): [397, 823], (123, 14): [313, 701], (123, 96): [30, 809], (124, 63): [492, 713], (123, 77): [12, 620], (124, 134): [17, 615], (125, 3): [970, 295], (125, 118): [446, 665], (126, 49): [799, 583], (127, 19): [852, 114], (127, 105): [620, 396], (127, 129): [930, 806], (128, 8): [785, 122], (126, 32): [732], (128, 94): [993], (129, 40): [377, 941], (130, 108): [672, 104], (130, 135): [619, 563], (131, 21): [957, 868], (131, 29): [542, 213], (130, 70): [571, 554], (130, 50): [337], (132, 131): [873, 185], (133, 8): [500, 389], (133, 72): [255, 108], (133, 112): [133, 667], (132, 122): [367, 696], (134, 15): [25, 544], (134, 27): [784, 510], (134, 64): [413, 379], (135, 3): [603, 798], (135, 43): [866, 447], (136, 28): [418, 683], (136, 77): [961, 276], (135, 116): [912], (136, 128): [758, 512], (136, 7): [565, 546], (137, 13): [793, 329], (137, 57): [291, 599], (137, 101): [491, 674], (138, 18): [454, 378], (138, 84): [56, 848], (138, 78): [927, 489], (138, 107): [664]}
out [34454, 718094, 91868, 687205, 113775, 109668, 154663, 87360, 187380, 4023, 475832, 47520, 120435, 362180, 467415, 25066, 63994, 431868, 233946, 395080, 622986, 104300, 626391, 555006, 193866, 197580, 91120, 9812, 139977, 30744, 689325, 29900, 38664, 69660, 194922, 68100, 131535, 36608, 160130, 685290, 16302, 265068, 66744, 7320, 464264, 524796, 640780, 370260, 337554, 29438, 662320, 116476, 77604, 958392, 244240, 398016, 404772, 199628, 291942, 263040, 39984, 151298, 432705, 39235, 609953, 112384, 425646, 923222, 135888, 472824, 504804, 154536, 375876, 4953, 71052, 589227, 296625, 108936, 405015, 110227, 199836, 92943, 8250, 19145, 395460, 102074, 72546, 123376, 412128, 82584, 40158, 110942, 45136, 340560, 87555, 674900, 308700, 5520, 301875, 341668, 166830, 709758, 77841, 191294, 100492, 279174, 491760, 667088, 281670, 438122, 5936, 52925, 55490, 263262, 81483, 355656, 467544, 25350, 37296, 448000, 78752, 274668, 152515, 194766, 577866, 98784, 18440, 417932, 139023, 203500, 674856, 719343, 291916, 54812, 145255, 768222, 733144, 116520, 8008, 117030, 806179, 89060, 25740, 60300, 376596, 542295, 3765, 380596, 39440, 18200, 371969, 604632, 456556, 200340, 165424, 85437, 342439, 465075, 28595, 646114, 49348, 110495, 3904, 44051, 329200, 108783, 220575, 470563, 50544, 55088, 51456, 10944, 240000, 121716, 13825, 274383, 82641, 245024, 271728, 481185, 27993, 110290, 52360, 115710, 340725, 275880, 211750, 93960, 30044, 310780, 108650, 89139, 174408, 88768, 533352, 133472, 364343, 260610, 119945, 662320, 495320, 481120, 7425, 321024, 321290, 109648, 92616, 83300, 428733, 80484, 497112, 101442, 258115, 160868, 59454, 360036, 349408, 206920, 123192, 294276, 447370, 58344, 234465, 480438, 48, 681372, 169647, 387651, 454296, 474030, 138093, 392445, 680120, 510252, 96030, 277816, 547694, 314568, 187110, 448, 5550, 4541, 143352, 939924, 553995, 167334, 70092, 527058, 241098, 14787, 28500, 200718, 4965, 37672, 506828, 138769, 327651, 518128, 211311, 777803, 90828, 29600, 62860, 51888, 14454, 276381, 125756, 288355, 121549, 60756, 310210, 85020, 446896, 302445, 58910, 564768, 277008, 354750, 774818, 32776, 252984, 233002, 40600, 168532, 88872, 265728, 167620, 790398, 13348, 502440, 32264, 39560, 381819, 254700, 186660, 83628, 326731, 219413, 24270, 350796, 7440, 10455, 286150, 296590, 465817, 97128, 245520, 749580, 95770, 354757, 69888, 348497, 830676, 115446, 316334, 161505, 194500, 27540, 88711, 255432, 13600, 399840, 156527, 481194, 387102, 285494, 265236, 388096, 308490, 260897, 174309, 330934, 171612, 47488, 453303]
sum(out) 84266818
